This is pdfTeX, Version 3.1415926-1.40.10 (TeX Live 2009/Debian) (format=pdflatex 2012.7.24)  27 JUL 2012 11:36
entering extended mode
 %&-line parsing enabled.
**00_projektdokumentation.tex
(./00_projektdokumentation.tex
LaTeX2e <2009/09/24>
Babel <v3.8l> and hyphenation patterns for english, usenglishmax, dumylang, noh
yphenation, loaded.
(/usr/share/texmf-texlive/tex/latex/base/article.cls
Document Class: article 2007/10/19 v1.4h Standard LaTeX document class
(/usr/share/texmf-texlive/tex/latex/base/size12.clo
File: size12.clo 2007/10/19 v1.4h Standard LaTeX file (size option)
)
\c@part=\count79
\c@section=\count80
\c@subsection=\count81
\c@subsubsection=\count82
\c@paragraph=\count83
\c@subparagraph=\count84
\c@figure=\count85
\c@table=\count86
\abovecaptionskip=\skip41
\belowcaptionskip=\skip42
\bibindent=\dimen102
)
(/usr/share/texmf-texlive/tex/latex/base/inputenc.sty
Package: inputenc 2008/03/30 v1.1d Input encoding file
\inpenc@prehook=\toks14
\inpenc@posthook=\toks15

(/usr/share/texmf-texlive/tex/latex/base/latin1.def
File: latin1.def 2008/03/30 v1.1d Input encoding file
))
(/usr/share/texmf-texlive/tex/latex/psnfss/mathpazo.sty
Package: mathpazo 2005/04/12 PSNFSS-v9.2a Palatino w/ Pazo Math (D.Puga, WaS) 
\symupright=\mathgroup4
)
(/usr/share/texmf-texlive/tex/latex/base/fontenc.sty
Package: fontenc 2005/09/27 v1.99g Standard LaTeX package

(/usr/share/texmf-texlive/tex/latex/base/t1enc.def
File: t1enc.def 2005/09/27 v1.99g Standard LaTeX file
LaTeX Font Info:    Redeclaring font encoding T1 on input line 43.
))
(/usr/share/texmf-texlive/tex/generic/babel/babel.sty
Package: babel 2008/07/06 v3.8l The Babel package

(/usr/share/texmf-texlive/tex/generic/babel/ngermanb.ldf
Language: ngermanb 2008/07/06 v2.6n new German support from the babel system

(/usr/share/texmf-texlive/tex/generic/babel/babel.def
File: babel.def 2008/07/06 v3.8l Babel common definitions
\babel@savecnt=\count87
\U@D=\dimen103
)

Package babel Warning: No hyphenation patterns were loaded for
(babel)                the language `ngerman'
(babel)                I will use the patterns loaded for \language=0 instead.

\l@ngerman = a dialect from \language0
\l@naustrian = a dialect from \language\l@ngerman 
Package babel Info: Making " an active character on input line 92.
)) (/usr/share/texmf-texlive/tex/latex/graphics/graphicx.sty
Package: graphicx 1999/02/16 v1.0f Enhanced LaTeX Graphics (DPC,SPQR)

(/usr/share/texmf-texlive/tex/latex/graphics/keyval.sty
Package: keyval 1999/03/16 v1.13 key=value parser (DPC)
\KV@toks@=\toks16
)
(/usr/share/texmf-texlive/tex/latex/graphics/graphics.sty
Package: graphics 2009/02/05 v1.0o Standard LaTeX Graphics (DPC,SPQR)

(/usr/share/texmf-texlive/tex/latex/graphics/trig.sty
Package: trig 1999/03/16 v1.09 sin cos tan (DPC)
)
(/etc/texmf/tex/latex/config/graphics.cfg
File: graphics.cfg 2009/08/28 v1.8 graphics configuration of TeX Live
)
Package graphics Info: Driver file: pdftex.def on input line 91.

(/usr/share/texmf-texlive/tex/latex/pdftex-def/pdftex.def
File: pdftex.def 2010/03/12 v0.04p Graphics/color for pdfTeX
\Gread@gobject=\count88
))
\Gin@req@height=\dimen104
\Gin@req@width=\dimen105
)
(/usr/share/texmf-texlive/tex/latex/pdfpages/pdfpages.sty
Package: pdfpages 2009/02/07 v0.4g Insert pages of external PDF documents (AM)

(/usr/share/texmf-texlive/tex/latex/base/ifthen.sty
Package: ifthen 2001/05/26 v1.1c Standard LaTeX ifthen package (DPC)
)
(/usr/share/texmf-texlive/tex/latex/tools/calc.sty
Package: calc 2007/08/22 v4.3 Infix arithmetic (KKT,FJ)
\calc@Acount=\count89
\calc@Bcount=\count90
\calc@Adimen=\dimen106
\calc@Bdimen=\dimen107
\calc@Askip=\skip43
\calc@Bskip=\skip44
LaTeX Info: Redefining \setlength on input line 76.
LaTeX Info: Redefining \addtolength on input line 77.
\calc@Ccount=\count91
\calc@Cskip=\skip45
)
(/usr/share/texmf-texlive/tex/latex/eso-pic/eso-pic.sty
Package: eso-pic 2006/07/14 v1.1d eso-pic (RN)

(/usr/share/texmf-texlive/tex/latex/ms/everyshi.sty
Package: everyshi 2001/05/15 v3.00 EveryShipout Package (MS)
))
(/usr/share/texmf-texlive/tex/latex/pdfpages/pppdftex.def
File: pppdftex.def 2009/02/07 v0.4g Pdfpages driver for pdfTeX (AM)
)
\AM@pagebox=\box26
\AM@toc@title=\toks17
\c@AM@survey=\count92
\AM@templatesizebox=\box27
)
(/usr/share/texmf-texlive/tex/latex/hyperref/hyperref.sty
Package: hyperref 2009/10/09 v6.79a Hypertext links for LaTeX

(/usr/share/texmf-texlive/tex/generic/oberdiek/ifpdf.sty
Package: ifpdf 2009/04/10 v2.0 Provides the ifpdf switch (HO)
Package ifpdf Info: pdfTeX in pdf mode detected.
)
(/usr/share/texmf-texlive/tex/generic/oberdiek/ifvtex.sty
Package: ifvtex 2008/11/04 v1.4 Switches for detecting VTeX and its modes (HO)
Package ifvtex Info: VTeX not detected.
)
(/usr/share/texmf-texlive/tex/generic/ifxetex/ifxetex.sty
Package: ifxetex 2009/01/23 v0.5 Provides ifxetex conditional
)
(/usr/share/texmf-texlive/tex/latex/oberdiek/hycolor.sty
Package: hycolor 2009/10/02 v1.5 Code for color options of hyperref/bookmark (H
O)

(/usr/share/texmf-texlive/tex/latex/oberdiek/xcolor-patch.sty
Package: xcolor-patch 2009/10/02 xcolor patch
))
\@linkdim=\dimen108
\Hy@linkcounter=\count93
\Hy@pagecounter=\count94

(/usr/share/texmf-texlive/tex/latex/hyperref/pd1enc.def
File: pd1enc.def 2009/10/09 v6.79a Hyperref: PDFDocEncoding definition (HO)
)
(/usr/share/texmf-texlive/tex/generic/oberdiek/etexcmds.sty
Package: etexcmds 2007/12/12 v1.2 Prefix for e-TeX command names (HO)

(/usr/share/texmf-texlive/tex/generic/oberdiek/infwarerr.sty
Package: infwarerr 2007/09/09 v1.2 Providing info/warning/message (HO)
)
Package etexcmds Info: Could not find \expanded.
(etexcmds)             That can mean that you are not using pdfTeX 1.50 or
(etexcmds)             that some package has redefined \expanded.
(etexcmds)             In the latter case, load this package earlier.
)
(/usr/share/texmf-texlive/tex/latex/latexconfig/hyperref.cfg
File: hyperref.cfg 2002/06/06 v1.2 hyperref configuration of TeXLive
)
(/usr/share/texmf-texlive/tex/latex/oberdiek/kvoptions.sty
Package: kvoptions 2009/08/13 v3.4 Keyval support for LaTeX options (HO)

(/usr/share/texmf-texlive/tex/generic/oberdiek/kvsetkeys.sty
Package: kvsetkeys 2009/07/30 v1.5 Key value parser with default handler suppor
t (HO)
))
Package hyperref Info: Hyper figures OFF on input line 2975.
Package hyperref Info: Link nesting OFF on input line 2980.
Package hyperref Info: Hyper index ON on input line 2983.
Package hyperref Info: Plain pages OFF on input line 2990.
Package hyperref Info: Backreferencing OFF on input line 2995.

Implicit mode ON; LaTeX internals redefined
Package hyperref Info: Bookmarks ON on input line 3191.
(/usr/share/texmf-texlive/tex/latex/ltxmisc/url.sty
\Urlmuskip=\muskip10
Package: url 2006/04/12  ver 3.3  Verb mode for urls, etc.
)
LaTeX Info: Redefining \url on input line 3428.

(/usr/share/texmf-texlive/tex/generic/oberdiek/bitset.sty
Package: bitset 2007/09/28 v1.0 Data type bit set (HO)

(/usr/share/texmf-texlive/tex/generic/oberdiek/intcalc.sty
Package: intcalc 2007/09/27 v1.1 Expandable integer calculations (HO)
)
(/usr/share/texmf-texlive/tex/generic/oberdiek/bigintcalc.sty
Package: bigintcalc 2007/11/11 v1.1 Expandable big integer calculations (HO)

(/usr/share/texmf-texlive/tex/generic/oberdiek/pdftexcmds.sty
Package: pdftexcmds 2009/09/23 v0.6 LuaTeX support for pdfTeX utility functions
 (HO)

(/usr/share/texmf-texlive/tex/generic/oberdiek/ifluatex.sty
Package: ifluatex 2009/04/17 v1.2 Provides the ifluatex switch (HO)
Package ifluatex Info: LuaTeX not detected.
)
(/usr/share/texmf-texlive/tex/generic/oberdiek/ltxcmds.sty
Package: ltxcmds 2009/08/05 v1.0 Some LaTeX kernel commands for general use (HO
)
)
Package pdftexcmds Info: LuaTeX not detected.
Package pdftexcmds Info: \pdf@primitive is available.
Package pdftexcmds Info: \pdf@ifprimitive is available.
)))
\Fld@menulength=\count95
\Field@Width=\dimen109
\Fld@charsize=\dimen110
\Field@toks=\toks18
Package hyperref Info: Hyper figures OFF on input line 4377.
Package hyperref Info: Link nesting OFF on input line 4382.
Package hyperref Info: Hyper index ON on input line 4385.
Package hyperref Info: backreferencing OFF on input line 4392.
Package hyperref Info: Link coloring OFF on input line 4397.
Package hyperref Info: Link coloring with OCG OFF on input line 4402.
Package hyperref Info: PDF/A mode OFF on input line 4407.

(/usr/share/texmf-texlive/tex/generic/oberdiek/atbegshi.sty
Package: atbegshi 2008/07/31 v1.9 At begin shipout hook (HO)
)
\Hy@abspage=\count96
\c@Item=\count97
\c@Hfootnote=\count98
)
*hyperref using default driver hpdftex*
(/usr/share/texmf-texlive/tex/latex/hyperref/hpdftex.def
File: hpdftex.def 2009/10/09 v6.79a Hyperref driver for pdfTeX
\Fld@listcount=\count99
)
(./00_projektdokumentation.aux)
\openout1 = `00_projektdokumentation.aux'.

LaTeX Font Info:    Checking defaults for OML/cmm/m/it on input line 10.
LaTeX Font Info:    ... okay on input line 10.
LaTeX Font Info:    Checking defaults for T1/cmr/m/n on input line 10.
LaTeX Font Info:    ... okay on input line 10.
LaTeX Font Info:    Checking defaults for OT1/cmr/m/n on input line 10.
LaTeX Font Info:    ... okay on input line 10.
LaTeX Font Info:    Checking defaults for OMS/cmsy/m/n on input line 10.
LaTeX Font Info:    ... okay on input line 10.
LaTeX Font Info:    Checking defaults for OMX/cmex/m/n on input line 10.
LaTeX Font Info:    ... okay on input line 10.
LaTeX Font Info:    Checking defaults for U/cmr/m/n on input line 10.
LaTeX Font Info:    ... okay on input line 10.
LaTeX Font Info:    Checking defaults for PD1/pdf/m/n on input line 10.
LaTeX Font Info:    ... okay on input line 10.
LaTeX Font Info:    Try loading font information for T1+ppl on input line 10.

(/usr/share/texmf-texlive/tex/latex/psnfss/t1ppl.fd
File: t1ppl.fd 2001/06/04 font definitions for T1/ppl.
)
\big@size=\dimen111

(/usr/share/texmf-texlive/tex/context/base/supp-pdf.mkii
[Loading MPS to PDF converter (version 2006.09.02).]
\scratchcounter=\count100
\scratchdimen=\dimen112
\scratchbox=\box28
\nofMPsegments=\count101
\nofMParguments=\count102
\everyMPshowfont=\toks19
\MPscratchCnt=\count103
\MPscratchDim=\dimen113
\MPnumerator=\count104
\everyMPtoPDFconversion=\toks20
) ABD: EveryShipout initializing macros
(/usr/share/texmf-texlive/tex/latex/graphics/color.sty
Package: color 2005/11/14 v1.0j Standard LaTeX Color (DPC)

(/etc/texmf/tex/latex/config/color.cfg
File: color.cfg 2007/01/18 v1.5 color configuration of teTeX/TeXLive
)
Package color Info: Driver file: pdftex.def on input line 130.
)
Package hyperref Info: Link coloring OFF on input line 10.

(/usr/share/texmf-texlive/tex/latex/hyperref/nameref.sty
Package: nameref 2007/05/29 v2.31 Cross-referencing by name of section

(/usr/share/texmf-texlive/tex/latex/oberdiek/refcount.sty
Package: refcount 2008/08/11 v3.1 Data extraction from references (HO)
)
\c@section@level=\count105
)
LaTeX Info: Redefining \ref on input line 10.
LaTeX Info: Redefining \pageref on input line 10.

(./00_projektdokumentation.out) (./00_projektdokumentation.out)
\@outlinefile=\write3
\openout3 = `00_projektdokumentation.out'.

\AtBeginShipoutBox=\box29
LaTeX Font Info:    Try loading font information for OT1+ppl on input line 19.

(/usr/share/texmf-texlive/tex/latex/psnfss/ot1ppl.fd
File: ot1ppl.fd 2001/06/04 font definitions for OT1/ppl.
)
LaTeX Font Info:    Try loading font information for OML+zplm on input line 19.


(/usr/share/texmf-texlive/tex/latex/psnfss/omlzplm.fd
File: omlzplm.fd 2002/09/08 Fontinst v1.914 font definitions for OML/zplm.
)
LaTeX Font Info:    Try loading font information for OMS+zplm on input line 19.


(/usr/share/texmf-texlive/tex/latex/psnfss/omszplm.fd
File: omszplm.fd 2002/09/08 Fontinst v1.914 font definitions for OMS/zplm.
)
LaTeX Font Info:    Try loading font information for OMX+zplm on input line 19.


(/usr/share/texmf-texlive/tex/latex/psnfss/omxzplm.fd
File: omxzplm.fd 2002/09/08 Fontinst v1.914 font definitions for OMX/zplm.
)
LaTeX Font Info:    Try loading font information for OT1+zplm on input line 19.


(/usr/share/texmf-texlive/tex/latex/psnfss/ot1zplm.fd
File: ot1zplm.fd 2002/09/08 Fontinst v1.914 font definitions for OT1/zplm.
)
LaTeX Font Info:    Font shape `T1/ppl/bx/n' in size <10.95> not available
(Font)              Font shape `T1/ppl/b/n' tried instead on input line 24.

Overfull \hbox (15.8887pt too wide) in paragraph at lines 25--29
[]\T1/ppl/m/n/24.88 D\T1/ppl/m/n/10.95 as Soft-ware-pro-jekt Kun-den-pro-jekt W
eb-Technologien II simuliert
 []


Overfull \hbox (6.54169pt too wide) in paragraph at lines 25--29
\T1/ppl/m/n/10.95 ein reales, ag-iles Soft-ware-pro-jekt in der freien Wirtscha
ft, im Speziellen
 []


Underfull \hbox (badness 10000) in paragraph at lines 25--29

 []

[1

{/var/lib/texmf/fonts/map/pdftex/updmap/pdftex.map}]
LaTeX Font Info:    Font shape `T1/ppl/bx/n' in size <17.28> not available
(Font)              Font shape `T1/ppl/b/n' tried instead on input line 39.

(./00_projektdokumentation.toc
LaTeX Font Info:    Font shape `T1/ppl/bx/n' in size <12> not available
(Font)              Font shape `T1/ppl/b/n' tried instead on input line 2.
pdfTeX warning (ext4): destination with the same identifier (name{page.1}) has 
been already used, duplicate ignored
<to be read again> 
                   \relax 
l.37 ... das Team getan?}{11}{subsubsection.6.1.1}
                                                   [1] [2])
\tf@toc=\write4
\openout4 = `00_projektdokumentation.toc'.

 [3]
LaTeX Font Info:    Font shape `T1/ppl/bx/n' in size <14.4> not available
(Font)              Font shape `T1/ppl/b/n' tried instead on input line 49.

Overfull \hbox (1.95137pt too wide) in paragraph at lines 53--54
\T1/ppl/m/n/12 SVN-Repository er-stellt um das kol-lab-o-ra-tive Ar-beit-en in 
den kom-menden
 []


Overfull \hbox (1.05247pt too wide) in paragraph at lines 53--54
\T1/ppl/m/n/12 nisse wur-den im Teamtr-e-f-fen zusam-menge-führt. Der dadurch e
nt-standene
 []

LaTeX Font Info:    Try loading font information for OMS+ppl on input line 64.
(/usr/share/texmf-texlive/tex/latex/psnfss/omsppl.fd
File: omsppl.fd 
)
LaTeX Font Info:    Font shape `OMS/ppl/m/n' in size <12> not available
(Font)              Font shape `OMS/cmsy/m/n' tried instead on input line 64.

Overfull \hbox (2.30592pt too wide) in paragraph at lines 69--69
[]\T1/ppl/b/n/17.28 Phase: Anal-yse, Mod-el-lierung und Konzep-tion 
 []


Overfull \hbox (7.43658pt too wide) in paragraph at lines 71--72
\T1/ppl/m/n/12 gruppe Car-mob der Carmeq GmbH. Während dieser Phase wird die \T
1/ppl/m/it/12 Nutzer-
 []

[4]
Overfull \hbox (21.33084pt too wide) in paragraph at lines 77--78
\T1/ppl/m/n/12 somit auf eine möglichst groÿe Auswahl an As-pek-ten für po-ten-
tielle \T1/ppl/m/it/12 Nutzerkat-
 []

[5]
Overfull \hbox (6.7748pt too wide) in paragraph at lines 95--96
\T1/ppl/m/it/12 Nutzerkat-e-gorien \T1/ppl/m/n/12 ver-wen-det. Durch die Se-lek
-tion von \T1/ppl/m/it/12 Nutzerkat-e-gorien \T1/ppl/m/n/12 haben
 []


Overfull \hbox (32.04755pt too wide) in paragraph at lines 95--96
\T1/ppl/m/n/12 weit-eren Lö-sungsan-sätzen und sein-er Mehrdi-men-sion-al-ität 
fa-vorisiert, wodurch
 []


Overfull \hbox (10.43591pt too wide) in paragraph at lines 110--111
\T1/ppl/m/n/12 durchge-führte wer-den. Da wir durch die miss-lun-gene Kick-Off-
Präsentation
 []

[6]
Overfull \hbox (0.11578pt too wide) in paragraph at lines 116--118
\T1/ppl/m/n/12 Zwei Team-mit-glieder haben un-ab-hängig von einan-der \T1/ppl/m
/it/12 Paper-Prototyps \T1/ppl/m/n/12 ent-
 []


Overfull \hbox (2.01225pt too wide) in paragraph at lines 116--118
\T1/ppl/m/n/12 wor-fen, die an-schlieÿend zusam-menge-führt wur-den. Wir haben 
die einzel-
 []


Overfull \hbox (22.92775pt too wide) in paragraph at lines 116--118
\T1/ppl/m/n/12 schlieÿend alle \T1/ppl/m/it/12 Paper-Prototypen \T1/ppl/m/n/12 
zu einem \T1/ppl/m/it/12 kon-ver-gen-ten Paper-Prototypen \T1/ppl/m/n/12 zusam-

 []


Overfull \hbox (0.23546pt too wide) in paragraph at lines 138--139
\T1/ppl/m/n/12 Pla-nung ein-er It-er-a-tionsphase zu er-ler-nen. Da wir die Rek
onzep-tion-ierung
 []

[7]
Overfull \hbox (7.59167pt too wide) in paragraph at lines 144--145
\T1/ppl/m/n/12 getestet und an-schlieÿend aus-gew-ertet. Da-raufhin haben wir A
n-wen-dungs-
 []


Overfull \hbox (1.59167pt too wide) in paragraph at lines 148--149
\T1/ppl/m/n/12 Wir haben uns dazu entschieden mit deut-lich mehr Mi-tar-beit-er
n die Paper-
 []


Overfull \hbox (3.35567pt too wide) in paragraph at lines 148--149
\T1/ppl/m/n/12 Prototypen zu testen um einen neuen genaueren und somit besseren
 Paper-
 []


Overfull \hbox (2.27557pt too wide) in paragraph at lines 158--159
\T1/ppl/m/n/12 porta-tion-Mean, An-gel, Us-er) haben wir uns für einen zen-tral
 ver-wal-tenden
 []

[8] [9]
Overfull \hbox (7.11151pt too wide) in paragraph at lines 174--175
\T1/ppl/m/n/12 In dieser Phase sollte der ak-tuelle Pro-jek-t-stand mit Mi-tar-
beit-ern der Carmeq
 []


Overfull \hbox (21.53465pt too wide) in paragraph at lines 180--181
\T1/ppl/m/n/12 Der ak-tuelle Pro-jek-t-stand wurde von Mi-tar-beit-ern der Carm
eq GmbH getestet.
 []


Overfull \hbox (24.22318pt too wide) in paragraph at lines 180--181
\T1/ppl/m/n/12 Wir kon-nten neben der gewöhn-lichen Anal-yse Vorschläge zum GUI
 aufgenom-
 []


Overfull \hbox (7.11151pt too wide) in paragraph at lines 206--207
\T1/ppl/m/n/12 In dieser Phase sollte der ak-tuelle Pro-jek-t-stand mit Mi-tar-
beit-ern der Carmeq
 []

[10]
LaTeX Font Info:    Try loading font information for T1+cmtt on input line 212.

 (/usr/share/texmf-texlive/tex/latex/base/t1cmtt.fd
File: t1cmtt.fd 1999/05/25 v2.5h Standard LaTeX font definitions
)
Overfull \hbox (7.11151pt too wide) in paragraph at lines 238--239
\T1/ppl/m/n/12 In dieser Phase sollte der ak-tuelle Pro-jek-t-stand mit Mi-tar-
beit-ern der Carmeq
 []

[11]
Overfull \hbox (0.776pt too wide) in paragraph at lines 244--245
\T1/ppl/m/n/12 den Feldtest gegeben wer-den kon-nte. Wir haben eine kurze Be-di
-enungsan-
 []


Package hyperref Warning: Token not allowed in a PDF string (PDFDocEncoding):
(hyperref)                removing `math shift' on input line 251.


Package hyperref Warning: Token not allowed in a PDF string (PDFDocEncoding):
(hyperref)                removing `subscript' on input line 251.


Package hyperref Warning: Token not allowed in a PDF string (PDFDocEncoding):
(hyperref)                removing `math shift' on input line 251.


Overfull \hbox (1.08882pt too wide) in paragraph at lines 259--260
\T1/ppl/m/n/12 aus-ge-sucht, da wir der Mei-n-ung waren, dass, im Ver-hält-nis 
zum Aufwand,
 []

[12]
Overfull \hbox (7.11151pt too wide) in paragraph at lines 273--275
\T1/ppl/m/n/12 In dieser Phase sollte der ak-tuelle Pro-jek-t-stand mit Mi-tar-
beit-ern der Carmeq
 []


Overfull \hbox (20.09555pt too wide) in paragraph at lines 280--282
\T1/ppl/m/n/12 dem ab-schlieÿen-den Pro-duk-t-de-sign und der Gestal-tung der A
b-schlusspräsen-
 []


Overfull \hbox (14.85106pt too wide) in paragraph at lines 285--286
\T1/ppl/m/n/12 ein-er typ-is-chen Di-en-streise durch-leben. Somit wird eine is
t-Situation geschaf-
 []


Overfull \hbox (52.77104pt too wide) in paragraph at lines 289--290
\T1/ppl/m/n/12 Wir haben die Pro-jek-t-doku-men-ta-tion im Quell-text und in Sc
hrift-form abgeschlossen.
 []


Overfull \hbox (29.83937pt too wide) in paragraph at lines 289--290
\T1/ppl/m/n/12 Nach der Er-ar-beitung eines Mar-ket-ingkonzepts haben wir die A
b-schlusspräsen-
 []

[13]
Overfull \hbox (16.34279pt too wide) in paragraph at lines 322--323
\T1/ppl/m/n/12 Link: \T1/cmtt/m/n/12 https://dev.spline.de/trac/swp_sose2012_ku
ndenproject2_team4/ 
 []

[14] [15]
Overfull \hbox (16.03986pt too wide) in paragraph at lines 347--348
\T1/ppl/m/n/12 welche im Ver-lauf des Pro-jek-tes er-stellt wor-den sind. Dabei
 sind die gesamten
 []

[16] [17]
<01_interviewleitfaden.pdf, id=476, page=1, 597.50829pt x 845.0471pt>
File: 01_interviewleitfaden.pdf Graphic file (type pdf)

<use 01_interviewleitfaden.pdf, page 1>
File: 01_interviewleitfaden.pdf Graphic file (type pdf)

<use 01_interviewleitfaden.pdf, page 1>
File: 01_interviewleitfaden.pdf Graphic file (type pdf)

<use 01_interviewleitfaden.pdf, page 1>
File: 01_interviewleitfaden.pdf Graphic file (type pdf)

<use 01_interviewleitfaden.pdf, page 1>
File: 01_interviewleitfaden.pdf Graphic file (type pdf)

<use 01_interviewleitfaden.pdf, page 1> [18 <./01_interviewleitfaden.pdf>]
<01_interviewleitfaden.pdf, id=794, page=2, 597.50829pt x 845.0471pt>
File: 01_interviewleitfaden.pdf Graphic file (type pdf)

<use 01_interviewleitfaden.pdf, page 2>
File: 01_interviewleitfaden.pdf Graphic file (type pdf)

<use 01_interviewleitfaden.pdf, page 2>
File: 01_interviewleitfaden.pdf Graphic file (type pdf)

<use 01_interviewleitfaden.pdf, page 2> [19 <./01_interviewleitfaden.pdf>]
<01_interviewleitfaden.pdf, id=804, page=3, 597.50829pt x 845.0471pt>
File: 01_interviewleitfaden.pdf Graphic file (type pdf)

<use 01_interviewleitfaden.pdf, page 3>
File: 01_interviewleitfaden.pdf Graphic file (type pdf)

<use 01_interviewleitfaden.pdf, page 3>
File: 01_interviewleitfaden.pdf Graphic file (type pdf)

<use 01_interviewleitfaden.pdf, page 3> [20 <./01_interviewleitfaden.pdf>]
<01_interviewleitfaden.pdf, id=809, page=4, 597.50829pt x 845.0471pt>
File: 01_interviewleitfaden.pdf Graphic file (type pdf)

<use 01_interviewleitfaden.pdf, page 4>
File: 01_interviewleitfaden.pdf Graphic file (type pdf)

<use 01_interviewleitfaden.pdf, page 4>
File: 01_interviewleitfaden.pdf Graphic file (type pdf)

<use 01_interviewleitfaden.pdf, page 4> [21 <./01_interviewleitfaden.pdf>]
[22] <02_interviews_abschriften.pdf, id=820, page=1, 614.295pt x 794.97pt>
File: 02_interviews_abschriften.pdf Graphic file (type pdf)

<use 02_interviews_abschriften.pdf, page 1>
File: 02_interviews_abschriften.pdf Graphic file (type pdf)

<use 02_interviews_abschriften.pdf, page 1>
File: 02_interviews_abschriften.pdf Graphic file (type pdf)

<use 02_interviews_abschriften.pdf, page 1>
File: 02_interviews_abschriften.pdf Graphic file (type pdf)

<use 02_interviews_abschriften.pdf, page 1>
File: 02_interviews_abschriften.pdf Graphic file (type pdf)

<use 02_interviews_abschriften.pdf, page 1> [23 <./02_interviews_abschriften.pd
f>] <02_interviews_abschriften.pdf, id=841, page=2, 614.295pt x 794.97pt>
File: 02_interviews_abschriften.pdf Graphic file (type pdf)

<use 02_interviews_abschriften.pdf, page 2>
File: 02_interviews_abschriften.pdf Graphic file (type pdf)

<use 02_interviews_abschriften.pdf, page 2>
File: 02_interviews_abschriften.pdf Graphic file (type pdf)

<use 02_interviews_abschriften.pdf, page 2> [24 <./02_interviews_abschriften.pd
f>] <02_interviews_abschriften.pdf, id=847, page=3, 614.295pt x 794.97pt>
File: 02_interviews_abschriften.pdf Graphic file (type pdf)

<use 02_interviews_abschriften.pdf, page 3>
File: 02_interviews_abschriften.pdf Graphic file (type pdf)

<use 02_interviews_abschriften.pdf, page 3>
File: 02_interviews_abschriften.pdf Graphic file (type pdf)

<use 02_interviews_abschriften.pdf, page 3> [25 <./02_interviews_abschriften.pd
f>] <02_interviews_abschriften.pdf, id=852, page=4, 614.295pt x 794.97pt>
File: 02_interviews_abschriften.pdf Graphic file (type pdf)

<use 02_interviews_abschriften.pdf, page 4>
File: 02_interviews_abschriften.pdf Graphic file (type pdf)

<use 02_interviews_abschriften.pdf, page 4>
File: 02_interviews_abschriften.pdf Graphic file (type pdf)

<use 02_interviews_abschriften.pdf, page 4> [26 <./02_interviews_abschriften.pd
f>] <02_interviews_abschriften.pdf, id=857, page=5, 614.295pt x 794.97pt>
File: 02_interviews_abschriften.pdf Graphic file (type pdf)

<use 02_interviews_abschriften.pdf, page 5>
File: 02_interviews_abschriften.pdf Graphic file (type pdf)

<use 02_interviews_abschriften.pdf, page 5>
File: 02_interviews_abschriften.pdf Graphic file (type pdf)

<use 02_interviews_abschriften.pdf, page 5> [27 <./02_interviews_abschriften.pd
f>] <02_interviews_abschriften.pdf, id=862, page=6, 614.295pt x 794.97pt>
File: 02_interviews_abschriften.pdf Graphic file (type pdf)

<use 02_interviews_abschriften.pdf, page 6>
File: 02_interviews_abschriften.pdf Graphic file (type pdf)

<use 02_interviews_abschriften.pdf, page 6>
File: 02_interviews_abschriften.pdf Graphic file (type pdf)

<use 02_interviews_abschriften.pdf, page 6> [28 <./02_interviews_abschriften.pd
f>] <02_interviews_abschriften.pdf, id=867, page=7, 614.295pt x 794.97pt>
File: 02_interviews_abschriften.pdf Graphic file (type pdf)

<use 02_interviews_abschriften.pdf, page 7>
File: 02_interviews_abschriften.pdf Graphic file (type pdf)

<use 02_interviews_abschriften.pdf, page 7>
File: 02_interviews_abschriften.pdf Graphic file (type pdf)

<use 02_interviews_abschriften.pdf, page 7> [29 <./02_interviews_abschriften.pd
f>] <02_interviews_abschriften.pdf, id=872, page=8, 614.295pt x 794.97pt>
File: 02_interviews_abschriften.pdf Graphic file (type pdf)

<use 02_interviews_abschriften.pdf, page 8>
File: 02_interviews_abschriften.pdf Graphic file (type pdf)

<use 02_interviews_abschriften.pdf, page 8>
File: 02_interviews_abschriften.pdf Graphic file (type pdf)

<use 02_interviews_abschriften.pdf, page 8> [30 <./02_interviews_abschriften.pd
f>] <02_interviews_abschriften.pdf, id=878, page=9, 614.295pt x 794.97pt>
File: 02_interviews_abschriften.pdf Graphic file (type pdf)

<use 02_interviews_abschriften.pdf, page 9>
File: 02_interviews_abschriften.pdf Graphic file (type pdf)

<use 02_interviews_abschriften.pdf, page 9>
File: 02_interviews_abschriften.pdf Graphic file (type pdf)

<use 02_interviews_abschriften.pdf, page 9> [31 <./02_interviews_abschriften.pd
f>] <02_interviews_abschriften.pdf, id=883, page=10, 614.295pt x 794.97pt>
File: 02_interviews_abschriften.pdf Graphic file (type pdf)

<use 02_interviews_abschriften.pdf, page 10>
File: 02_interviews_abschriften.pdf Graphic file (type pdf)

<use 02_interviews_abschriften.pdf, page 10>
File: 02_interviews_abschriften.pdf Graphic file (type pdf)

<use 02_interviews_abschriften.pdf, page 10> [32 <./02_interviews_abschriften.p
df>] <02_interviews_abschriften.pdf, id=888, page=11, 614.295pt x 794.97pt>
File: 02_interviews_abschriften.pdf Graphic file (type pdf)

<use 02_interviews_abschriften.pdf, page 11>
File: 02_interviews_abschriften.pdf Graphic file (type pdf)

<use 02_interviews_abschriften.pdf, page 11>
File: 02_interviews_abschriften.pdf Graphic file (type pdf)

<use 02_interviews_abschriften.pdf, page 11> [33 <./02_interviews_abschriften.p
df>] <02_interviews_abschriften.pdf, id=893, page=12, 614.295pt x 794.97pt>
File: 02_interviews_abschriften.pdf Graphic file (type pdf)

<use 02_interviews_abschriften.pdf, page 12>
File: 02_interviews_abschriften.pdf Graphic file (type pdf)

<use 02_interviews_abschriften.pdf, page 12>
File: 02_interviews_abschriften.pdf Graphic file (type pdf)

<use 02_interviews_abschriften.pdf, page 12> [34 <./02_interviews_abschriften.p
df>]

pdfTeX warning: pdflatex (file ./03_nutzerkategorien_persona_pov.pdf): PDF incl
usion: found PDF version <1.5>, but at most version <1.4> allowed


pdfTeX warning: pdflatex (file ./03_nutzerkategorien_persona_pov.pdf): PDF incl
usion: found PDF version <1.5>, but at most version <1.4> allowed
[35]

pdfTeX warning: pdflatex (file ./03_nutzerkategorien_persona_pov.pdf): PDF incl
usion: found PDF version <1.5>, but at most version <1.4> allowed
<03_nutzerkategorien_persona_pov.pdf, id=904, page=1, 614.295pt x 794.97pt>
File: 03_nutzerkategorien_persona_pov.pdf Graphic file (type pdf)

<use 03_nutzerkategorien_persona_pov.pdf, page 1>
File: 03_nutzerkategorien_persona_pov.pdf Graphic file (type pdf)

<use 03_nutzerkategorien_persona_pov.pdf, page 1>
File: 03_nutzerkategorien_persona_pov.pdf Graphic file (type pdf)

<use 03_nutzerkategorien_persona_pov.pdf, page 1>
File: 03_nutzerkategorien_persona_pov.pdf Graphic file (type pdf)

<use 03_nutzerkategorien_persona_pov.pdf, page 1>
File: 03_nutzerkategorien_persona_pov.pdf Graphic file (type pdf)

<use 03_nutzerkategorien_persona_pov.pdf, page 1> [36 <./03_nutzerkategorien_pe
rsona_pov.pdf>]

pdfTeX warning: pdflatex (file ./03_nutzerkategorien_persona_pov.pdf): PDF incl
usion: found PDF version <1.5>, but at most version <1.4> allowed
<03_nutzerkategorien_persona_pov.pdf, id=1165, page=2, 614.295pt x 794.97pt>
File: 03_nutzerkategorien_persona_pov.pdf Graphic file (type pdf)

<use 03_nutzerkategorien_persona_pov.pdf, page 2>
File: 03_nutzerkategorien_persona_pov.pdf Graphic file (type pdf)

<use 03_nutzerkategorien_persona_pov.pdf, page 2>
File: 03_nutzerkategorien_persona_pov.pdf Graphic file (type pdf)

<use 03_nutzerkategorien_persona_pov.pdf, page 2> [37 <./03_nutzerkategorien_pe
rsona_pov.pdf>]

pdfTeX warning: pdflatex (file ./03_nutzerkategorien_persona_pov.pdf): PDF incl
usion: found PDF version <1.5>, but at most version <1.4> allowed
<03_nutzerkategorien_persona_pov.pdf, id=1261, page=3, 614.295pt x 794.97pt>
File: 03_nutzerkategorien_persona_pov.pdf Graphic file (type pdf)

<use 03_nutzerkategorien_persona_pov.pdf, page 3>
File: 03_nutzerkategorien_persona_pov.pdf Graphic file (type pdf)

<use 03_nutzerkategorien_persona_pov.pdf, page 3>
File: 03_nutzerkategorien_persona_pov.pdf Graphic file (type pdf)

<use 03_nutzerkategorien_persona_pov.pdf, page 3> [38 <./03_nutzerkategorien_pe
rsona_pov.pdf>]

pdfTeX warning: pdflatex (file ./03_nutzerkategorien_persona_pov.pdf): PDF incl
usion: found PDF version <1.5>, but at most version <1.4> allowed
<03_nutzerkategorien_persona_pov.pdf, id=1266, page=4, 614.295pt x 794.97pt>
File: 03_nutzerkategorien_persona_pov.pdf Graphic file (type pdf)

<use 03_nutzerkategorien_persona_pov.pdf, page 4>
File: 03_nutzerkategorien_persona_pov.pdf Graphic file (type pdf)

<use 03_nutzerkategorien_persona_pov.pdf, page 4>
File: 03_nutzerkategorien_persona_pov.pdf Graphic file (type pdf)

<use 03_nutzerkategorien_persona_pov.pdf, page 4> [39 <./03_nutzerkategorien_pe
rsona_pov.pdf>]

pdfTeX warning: pdflatex (file ./03_nutzerkategorien_persona_pov.pdf): PDF incl
usion: found PDF version <1.5>, but at most version <1.4> allowed
<03_nutzerkategorien_persona_pov.pdf, id=1295, page=5, 614.295pt x 794.97pt>
File: 03_nutzerkategorien_persona_pov.pdf Graphic file (type pdf)

<use 03_nutzerkategorien_persona_pov.pdf, page 5>
File: 03_nutzerkategorien_persona_pov.pdf Graphic file (type pdf)

<use 03_nutzerkategorien_persona_pov.pdf, page 5>
File: 03_nutzerkategorien_persona_pov.pdf Graphic file (type pdf)

<use 03_nutzerkategorien_persona_pov.pdf, page 5> [40 <./03_nutzerkategorien_pe
rsona_pov.pdf>]

pdfTeX warning: pdflatex (file ./03_nutzerkategorien_persona_pov.pdf): PDF incl
usion: found PDF version <1.5>, but at most version <1.4> allowed
<03_nutzerkategorien_persona_pov.pdf, id=1305, page=6, 614.295pt x 794.97pt>
File: 03_nutzerkategorien_persona_pov.pdf Graphic file (type pdf)

<use 03_nutzerkategorien_persona_pov.pdf, page 6>
File: 03_nutzerkategorien_persona_pov.pdf Graphic file (type pdf)

<use 03_nutzerkategorien_persona_pov.pdf, page 6>
File: 03_nutzerkategorien_persona_pov.pdf Graphic file (type pdf)

<use 03_nutzerkategorien_persona_pov.pdf, page 6> [41 <./03_nutzerkategorien_pe
rsona_pov.pdf>]

pdfTeX warning: pdflatex (file ./03_nutzerkategorien_persona_pov.pdf): PDF incl
usion: found PDF version <1.5>, but at most version <1.4> allowed
<03_nutzerkategorien_persona_pov.pdf, id=1310, page=7, 614.295pt x 794.97pt>
File: 03_nutzerkategorien_persona_pov.pdf Graphic file (type pdf)

<use 03_nutzerkategorien_persona_pov.pdf, page 7>
File: 03_nutzerkategorien_persona_pov.pdf Graphic file (type pdf)

<use 03_nutzerkategorien_persona_pov.pdf, page 7>
File: 03_nutzerkategorien_persona_pov.pdf Graphic file (type pdf)

<use 03_nutzerkategorien_persona_pov.pdf, page 7> [42 <./03_nutzerkategorien_pe
rsona_pov.pdf>]

pdfTeX warning: pdflatex (file ./03_nutzerkategorien_persona_pov.pdf): PDF incl
usion: found PDF version <1.5>, but at most version <1.4> allowed
<03_nutzerkategorien_persona_pov.pdf, id=1316, page=8, 614.295pt x 794.97pt>
File: 03_nutzerkategorien_persona_pov.pdf Graphic file (type pdf)

<use 03_nutzerkategorien_persona_pov.pdf, page 8>
File: 03_nutzerkategorien_persona_pov.pdf Graphic file (type pdf)

<use 03_nutzerkategorien_persona_pov.pdf, page 8>
File: 03_nutzerkategorien_persona_pov.pdf Graphic file (type pdf)

<use 03_nutzerkategorien_persona_pov.pdf, page 8> [43 <./03_nutzerkategorien_pe
rsona_pov.pdf>]

pdfTeX warning: pdflatex (file ./03_nutzerkategorien_persona_pov.pdf): PDF incl
usion: found PDF version <1.5>, but at most version <1.4> allowed
<03_nutzerkategorien_persona_pov.pdf, id=1321, page=9, 614.295pt x 794.97pt>
File: 03_nutzerkategorien_persona_pov.pdf Graphic file (type pdf)

<use 03_nutzerkategorien_persona_pov.pdf, page 9>
File: 03_nutzerkategorien_persona_pov.pdf Graphic file (type pdf)

<use 03_nutzerkategorien_persona_pov.pdf, page 9>
File: 03_nutzerkategorien_persona_pov.pdf Graphic file (type pdf)

<use 03_nutzerkategorien_persona_pov.pdf, page 9> [44 <./03_nutzerkategorien_pe
rsona_pov.pdf>] <04_softwareloesung01.jpg, id=1326, 2569.6pt x 1927.2pt>
File: 04_softwareloesung01.jpg Graphic file (type jpg)

<use 04_softwareloesung01.jpg>
<04_softwareloesung02_001.jpg, id=1327, 844.8363pt x 614.295pt>
File: 04_softwareloesung02_001.jpg Graphic file (type jpg)

<use 04_softwareloesung02_001.jpg>
<04_softwareloesung02_002.jpg, id=1328, 844.8363pt x 614.295pt> [45 <./04_softw
areloesung01.jpg>]
File: 04_softwareloesung02_002.jpg Graphic file (type jpg)
 <use 04_softwareloesung02_002.jpg>
<04_softwareloesung02_003.jpg, id=1333, 844.8363pt x 614.295pt>
File: 04_softwareloesung02_003.jpg Graphic file (type jpg)

<use 04_softwareloesung02_003.jpg> [46 <./04_softwareloesung02_001.jpg> <./04_s
oftwareloesung02_002.jpg>] [47 <./04_softwareloesung02_003.jpg>] [48]
<05_kick_off_praesentation.pdf, id=1351, page=1, 722.7pt x 542.025pt>
File: 05_kick_off_praesentation.pdf Graphic file (type pdf)

<use 05_kick_off_praesentation.pdf, page 1>
File: 05_kick_off_praesentation.pdf Graphic file (type pdf)

<use 05_kick_off_praesentation.pdf, page 1>
File: 05_kick_off_praesentation.pdf Graphic file (type pdf)

<use 05_kick_off_praesentation.pdf, page 1>
File: 05_kick_off_praesentation.pdf Graphic file (type pdf)

<use 05_kick_off_praesentation.pdf, page 1>
File: 05_kick_off_praesentation.pdf Graphic file (type pdf)

<use 05_kick_off_praesentation.pdf, page 1> [49 <./05_kick_off_praesentation.pd
f>] <05_kick_off_praesentation.pdf, id=1489, page=2, 722.7pt x 542.025pt>
File: 05_kick_off_praesentation.pdf Graphic file (type pdf)

<use 05_kick_off_praesentation.pdf, page 2>
File: 05_kick_off_praesentation.pdf Graphic file (type pdf)

<use 05_kick_off_praesentation.pdf, page 2>
File: 05_kick_off_praesentation.pdf Graphic file (type pdf)

<use 05_kick_off_praesentation.pdf, page 2> [50 <./05_kick_off_praesentation.pd
f>] <05_kick_off_praesentation.pdf, id=1495, page=3, 722.7pt x 542.025pt>
File: 05_kick_off_praesentation.pdf Graphic file (type pdf)

<use 05_kick_off_praesentation.pdf, page 3>
File: 05_kick_off_praesentation.pdf Graphic file (type pdf)

<use 05_kick_off_praesentation.pdf, page 3>
File: 05_kick_off_praesentation.pdf Graphic file (type pdf)

<use 05_kick_off_praesentation.pdf, page 3> [51 <./05_kick_off_praesentation.pd
f>] <05_kick_off_praesentation.pdf, id=1501, page=4, 722.7pt x 542.025pt>
File: 05_kick_off_praesentation.pdf Graphic file (type pdf)

<use 05_kick_off_praesentation.pdf, page 4>
File: 05_kick_off_praesentation.pdf Graphic file (type pdf)

<use 05_kick_off_praesentation.pdf, page 4>
File: 05_kick_off_praesentation.pdf Graphic file (type pdf)

<use 05_kick_off_praesentation.pdf, page 4> [52 <./05_kick_off_praesentation.pd
f>] <05_kick_off_praesentation.pdf, id=1507, page=5, 722.7pt x 542.025pt>
File: 05_kick_off_praesentation.pdf Graphic file (type pdf)

<use 05_kick_off_praesentation.pdf, page 5>
File: 05_kick_off_praesentation.pdf Graphic file (type pdf)

<use 05_kick_off_praesentation.pdf, page 5>
File: 05_kick_off_praesentation.pdf Graphic file (type pdf)

<use 05_kick_off_praesentation.pdf, page 5> [53 <./05_kick_off_praesentation.pd
f>] <05_kick_off_praesentation.pdf, id=1513, page=6, 722.7pt x 542.025pt>
File: 05_kick_off_praesentation.pdf Graphic file (type pdf)

<use 05_kick_off_praesentation.pdf, page 6>
File: 05_kick_off_praesentation.pdf Graphic file (type pdf)

<use 05_kick_off_praesentation.pdf, page 6>
File: 05_kick_off_praesentation.pdf Graphic file (type pdf)

<use 05_kick_off_praesentation.pdf, page 6> [54 <./05_kick_off_praesentation.pd
f>] <05_kick_off_praesentation.pdf, id=1520, page=7, 722.7pt x 542.025pt>
File: 05_kick_off_praesentation.pdf Graphic file (type pdf)

<use 05_kick_off_praesentation.pdf, page 7>
File: 05_kick_off_praesentation.pdf Graphic file (type pdf)

<use 05_kick_off_praesentation.pdf, page 7>
File: 05_kick_off_praesentation.pdf Graphic file (type pdf)

<use 05_kick_off_praesentation.pdf, page 7> [55 <./05_kick_off_praesentation.pd
f>] <05_kick_off_praesentation.pdf, id=1526, page=8, 722.7pt x 542.025pt>
File: 05_kick_off_praesentation.pdf Graphic file (type pdf)

<use 05_kick_off_praesentation.pdf, page 8>
File: 05_kick_off_praesentation.pdf Graphic file (type pdf)

<use 05_kick_off_praesentation.pdf, page 8>
File: 05_kick_off_praesentation.pdf Graphic file (type pdf)

<use 05_kick_off_praesentation.pdf, page 8> [56 <./05_kick_off_praesentation.pd
f>] <05_kick_off_praesentation.pdf, id=1532, page=9, 722.7pt x 542.025pt>
File: 05_kick_off_praesentation.pdf Graphic file (type pdf)

<use 05_kick_off_praesentation.pdf, page 9>
File: 05_kick_off_praesentation.pdf Graphic file (type pdf)

<use 05_kick_off_praesentation.pdf, page 9>
File: 05_kick_off_praesentation.pdf Graphic file (type pdf)

<use 05_kick_off_praesentation.pdf, page 9> [57 <./05_kick_off_praesentation.pd
f>] <05_kick_off_praesentation.pdf, id=1538, page=10, 722.7pt x 542.025pt>
File: 05_kick_off_praesentation.pdf Graphic file (type pdf)

<use 05_kick_off_praesentation.pdf, page 10>
File: 05_kick_off_praesentation.pdf Graphic file (type pdf)

<use 05_kick_off_praesentation.pdf, page 10>
File: 05_kick_off_praesentation.pdf Graphic file (type pdf)

<use 05_kick_off_praesentation.pdf, page 10> [58 <./05_kick_off_praesentation.p
df>] <05_kick_off_praesentation.pdf, id=1544, page=11, 722.7pt x 542.025pt>
File: 05_kick_off_praesentation.pdf Graphic file (type pdf)

<use 05_kick_off_praesentation.pdf, page 11>
File: 05_kick_off_praesentation.pdf Graphic file (type pdf)

<use 05_kick_off_praesentation.pdf, page 11>
File: 05_kick_off_praesentation.pdf Graphic file (type pdf)

<use 05_kick_off_praesentation.pdf, page 11> [59 <./05_kick_off_praesentation.p
df>] <05_kick_off_praesentation.pdf, id=1550, page=12, 722.7pt x 542.025pt>
File: 05_kick_off_praesentation.pdf Graphic file (type pdf)

<use 05_kick_off_praesentation.pdf, page 12>
File: 05_kick_off_praesentation.pdf Graphic file (type pdf)

<use 05_kick_off_praesentation.pdf, page 12>
File: 05_kick_off_praesentation.pdf Graphic file (type pdf)

<use 05_kick_off_praesentation.pdf, page 12> [60 <./05_kick_off_praesentation.p
df>] <05_kick_off_praesentation.pdf, id=1557, page=13, 722.7pt x 542.025pt>
File: 05_kick_off_praesentation.pdf Graphic file (type pdf)

<use 05_kick_off_praesentation.pdf, page 13>
File: 05_kick_off_praesentation.pdf Graphic file (type pdf)

<use 05_kick_off_praesentation.pdf, page 13>
File: 05_kick_off_praesentation.pdf Graphic file (type pdf)

<use 05_kick_off_praesentation.pdf, page 13> [61 <./05_kick_off_praesentation.p
df>] <05_kick_off_praesentation.pdf, id=1563, page=14, 722.7pt x 542.025pt>
File: 05_kick_off_praesentation.pdf Graphic file (type pdf)

<use 05_kick_off_praesentation.pdf, page 14>
File: 05_kick_off_praesentation.pdf Graphic file (type pdf)

<use 05_kick_off_praesentation.pdf, page 14>
File: 05_kick_off_praesentation.pdf Graphic file (type pdf)

<use 05_kick_off_praesentation.pdf, page 14> [62 <./05_kick_off_praesentation.p
df>] <05_kick_off_praesentation.pdf, id=1569, page=15, 722.7pt x 542.025pt>
File: 05_kick_off_praesentation.pdf Graphic file (type pdf)

<use 05_kick_off_praesentation.pdf, page 15>
File: 05_kick_off_praesentation.pdf Graphic file (type pdf)

<use 05_kick_off_praesentation.pdf, page 15>
File: 05_kick_off_praesentation.pdf Graphic file (type pdf)

<use 05_kick_off_praesentation.pdf, page 15> [63 <./05_kick_off_praesentation.p
df>] <05_kick_off_praesentation.pdf, id=1575, page=16, 722.7pt x 542.025pt>
File: 05_kick_off_praesentation.pdf Graphic file (type pdf)

<use 05_kick_off_praesentation.pdf, page 16>
File: 05_kick_off_praesentation.pdf Graphic file (type pdf)

<use 05_kick_off_praesentation.pdf, page 16>
File: 05_kick_off_praesentation.pdf Graphic file (type pdf)

<use 05_kick_off_praesentation.pdf, page 16> [64 <./05_kick_off_praesentation.p
df>] <05_kick_off_praesentation.pdf, id=1581, page=17, 722.7pt x 542.025pt>
File: 05_kick_off_praesentation.pdf Graphic file (type pdf)

<use 05_kick_off_praesentation.pdf, page 17>
File: 05_kick_off_praesentation.pdf Graphic file (type pdf)

<use 05_kick_off_praesentation.pdf, page 17>
File: 05_kick_off_praesentation.pdf Graphic file (type pdf)

<use 05_kick_off_praesentation.pdf, page 17> [65 <./05_kick_off_praesentation.p
df>] <05_kick_off_praesentation.pdf, id=1587, page=18, 722.7pt x 542.025pt>
File: 05_kick_off_praesentation.pdf Graphic file (type pdf)

<use 05_kick_off_praesentation.pdf, page 18>
File: 05_kick_off_praesentation.pdf Graphic file (type pdf)

<use 05_kick_off_praesentation.pdf, page 18>
File: 05_kick_off_praesentation.pdf Graphic file (type pdf)

<use 05_kick_off_praesentation.pdf, page 18> [66 <./05_kick_off_praesentation.p
df>]
Overfull \hbox (26.62338pt too wide) in paragraph at lines 398--399
\T1/ppl/m/n/12 Es wur-den ver-schiedene Paper-Prototyps von ver-schiede-nen Tea
m-Mitgliedern
 []


Overfull \hbox (10.57909pt too wide) in paragraph at lines 398--399
\T1/ppl/m/n/12 er-stellt. In diesem Ab-schnitt sind eine der er-sten Paper-Prot
otyps dargestellt. 
 []



pdfTeX warning: pdflatex (file ./06_paperprototyp01_000.pdf): PDF inclusion: fo
und PDF version <1.5>, but at most version <1.4> allowed


pdfTeX warning: pdflatex (file ./06_paperprototyp01_000.pdf): PDF inclusion: fo
und PDF version <1.5>, but at most version <1.4> allowed
[67]

pdfTeX warning: pdflatex (file ./06_paperprototyp01_000.pdf): PDF inclusion: fo
und PDF version <1.5>, but at most version <1.4> allowed
<06_paperprototyp01_000.pdf, id=1600, page=1, 614.295pt x 794.97pt>
File: 06_paperprototyp01_000.pdf Graphic file (type pdf)

<use 06_paperprototyp01_000.pdf, page 1>
File: 06_paperprototyp01_000.pdf Graphic file (type pdf)

<use 06_paperprototyp01_000.pdf, page 1>
File: 06_paperprototyp01_000.pdf Graphic file (type pdf)

<use 06_paperprototyp01_000.pdf, page 1>
File: 06_paperprototyp01_000.pdf Graphic file (type pdf)

<use 06_paperprototyp01_000.pdf, page 1>
File: 06_paperprototyp01_000.pdf Graphic file (type pdf)

<use 06_paperprototyp01_000.pdf, page 1> [68 <./06_paperprototyp01_000.pdf>]

pdfTeX warning: pdflatex (file ./06_paperprototyp01_001.pdf): PDF inclusion: fo
und PDF version <1.5>, but at most version <1.4> allowed


pdfTeX warning: pdflatex (file ./06_paperprototyp01_001.pdf): PDF inclusion: fo
und PDF version <1.5>, but at most version <1.4> allowed


pdfTeX warning: pdflatex (file ./06_paperprototyp01_001.pdf): PDF inclusion: fo
und PDF version <1.5>, but at most version <1.4> allowed
<06_paperprototyp01_001.pdf, id=1613, page=1, 794.97pt x 614.295pt>
File: 06_paperprototyp01_001.pdf Graphic file (type pdf)

<use 06_paperprototyp01_001.pdf, page 1>
File: 06_paperprototyp01_001.pdf Graphic file (type pdf)

<use 06_paperprototyp01_001.pdf, page 1>
File: 06_paperprototyp01_001.pdf Graphic file (type pdf)

<use 06_paperprototyp01_001.pdf, page 1>
File: 06_paperprototyp01_001.pdf Graphic file (type pdf)

<use 06_paperprototyp01_001.pdf, page 1>
File: 06_paperprototyp01_001.pdf Graphic file (type pdf)

<use 06_paperprototyp01_001.pdf, page 1> [69 <./06_paperprototyp01_001.pdf>]

pdfTeX warning: pdflatex (file ./06_paperprototyp01_002.pdf): PDF inclusion: fo
und PDF version <1.5>, but at most version <1.4> allowed


pdfTeX warning: pdflatex (file ./06_paperprototyp01_002.pdf): PDF inclusion: fo
und PDF version <1.5>, but at most version <1.4> allowed


pdfTeX warning: pdflatex (file ./06_paperprototyp01_002.pdf): PDF inclusion: fo
und PDF version <1.5>, but at most version <1.4> allowed
<06_paperprototyp01_002.pdf, id=1626, page=1, 794.97pt x 614.295pt>
File: 06_paperprototyp01_002.pdf Graphic file (type pdf)

<use 06_paperprototyp01_002.pdf, page 1>
File: 06_paperprototyp01_002.pdf Graphic file (type pdf)

<use 06_paperprototyp01_002.pdf, page 1>
File: 06_paperprototyp01_002.pdf Graphic file (type pdf)

<use 06_paperprototyp01_002.pdf, page 1>
File: 06_paperprototyp01_002.pdf Graphic file (type pdf)

<use 06_paperprototyp01_002.pdf, page 1>
File: 06_paperprototyp01_002.pdf Graphic file (type pdf)

<use 06_paperprototyp01_002.pdf, page 1> [70 <./06_paperprototyp01_002.pdf>]

pdfTeX warning: pdflatex (file ./06_paperprototyp01_003.pdf): PDF inclusion: fo
und PDF version <1.5>, but at most version <1.4> allowed


pdfTeX warning: pdflatex (file ./06_paperprototyp01_003.pdf): PDF inclusion: fo
und PDF version <1.5>, but at most version <1.4> allowed


pdfTeX warning: pdflatex (file ./06_paperprototyp01_003.pdf): PDF inclusion: fo
und PDF version <1.5>, but at most version <1.4> allowed
<06_paperprototyp01_003.pdf, id=1639, page=1, 614.295pt x 794.97pt>
File: 06_paperprototyp01_003.pdf Graphic file (type pdf)

<use 06_paperprototyp01_003.pdf, page 1>
File: 06_paperprototyp01_003.pdf Graphic file (type pdf)

<use 06_paperprototyp01_003.pdf, page 1>
File: 06_paperprototyp01_003.pdf Graphic file (type pdf)

<use 06_paperprototyp01_003.pdf, page 1>
File: 06_paperprototyp01_003.pdf Graphic file (type pdf)

<use 06_paperprototyp01_003.pdf, page 1>
File: 06_paperprototyp01_003.pdf Graphic file (type pdf)

<use 06_paperprototyp01_003.pdf, page 1> [71 <./06_paperprototyp01_003.pdf>]

pdfTeX warning: pdflatex (file ./06_paperprototyp01_004.pdf): PDF inclusion: fo
und PDF version <1.5>, but at most version <1.4> allowed


pdfTeX warning: pdflatex (file ./06_paperprototyp01_004.pdf): PDF inclusion: fo
und PDF version <1.5>, but at most version <1.4> allowed


pdfTeX warning: pdflatex (file ./06_paperprototyp01_004.pdf): PDF inclusion: fo
und PDF version <1.5>, but at most version <1.4> allowed
<06_paperprototyp01_004.pdf, id=1652, page=1, 614.295pt x 794.97pt>
File: 06_paperprototyp01_004.pdf Graphic file (type pdf)

<use 06_paperprototyp01_004.pdf, page 1>
File: 06_paperprototyp01_004.pdf Graphic file (type pdf)

<use 06_paperprototyp01_004.pdf, page 1>
File: 06_paperprototyp01_004.pdf Graphic file (type pdf)

<use 06_paperprototyp01_004.pdf, page 1>
File: 06_paperprototyp01_004.pdf Graphic file (type pdf)

<use 06_paperprototyp01_004.pdf, page 1>
File: 06_paperprototyp01_004.pdf Graphic file (type pdf)

<use 06_paperprototyp01_004.pdf, page 1> [72 <./06_paperprototyp01_004.pdf>]

pdfTeX warning: pdflatex (file ./06_paperprototyp02.pdf): PDF inclusion: found 
PDF version <1.5>, but at most version <1.4> allowed


pdfTeX warning: pdflatex (file ./06_paperprototyp02.pdf): PDF inclusion: found 
PDF version <1.5>, but at most version <1.4> allowed


pdfTeX warning: pdflatex (file ./06_paperprototyp02.pdf): PDF inclusion: found 
PDF version <1.5>, but at most version <1.4> allowed
<06_paperprototyp02.pdf, id=1668, page=1, 845.07718pt x 597.55246pt>
File: 06_paperprototyp02.pdf Graphic file (type pdf)

<use 06_paperprototyp02.pdf, page 1>
File: 06_paperprototyp02.pdf Graphic file (type pdf)
 <use 06_paperprototyp02.pdf, page 1>
File: 06_paperprototyp02.pdf Graphic file (type pdf)

<use 06_paperprototyp02.pdf, page 1>
File: 06_paperprototyp02.pdf Graphic file (type pdf)
 <use 06_paperprototyp02.pdf, page 1>
File: 06_paperprototyp02.pdf Graphic file (type pdf)

<use 06_paperprototyp02.pdf, page 1> [73 <./06_paperprototyp02.pdf>]

pdfTeX warning: pdflatex (file ./06_paperprototyp02.pdf): PDF inclusion: found 
PDF version <1.5>, but at most version <1.4> allowed
<06_paperprototyp02.pdf, id=1680, page=2, 845.07718pt x 597.55246pt>
File: 06_paperprototyp02.pdf Graphic file (type pdf)

<use 06_paperprototyp02.pdf, page 2>
File: 06_paperprototyp02.pdf Graphic file (type pdf)
 <use 06_paperprototyp02.pdf, page 2>
File: 06_paperprototyp02.pdf Graphic file (type pdf)

<use 06_paperprototyp02.pdf, page 2> [74 <./06_paperprototyp02.pdf>]

pdfTeX warning: pdflatex (file ./06_paperprototyp02.pdf): PDF inclusion: found 
PDF version <1.5>, but at most version <1.4> allowed
<06_paperprototyp02.pdf, id=1687, page=3, 845.07718pt x 597.55246pt>
File: 06_paperprototyp02.pdf Graphic file (type pdf)

<use 06_paperprototyp02.pdf, page 3>
File: 06_paperprototyp02.pdf Graphic file (type pdf)
 <use 06_paperprototyp02.pdf, page 3>
File: 06_paperprototyp02.pdf Graphic file (type pdf)

<use 06_paperprototyp02.pdf, page 3> [75 <./06_paperprototyp02.pdf>]

pdfTeX warning: pdflatex (file ./06_paperprototyp02.pdf): PDF inclusion: found 
PDF version <1.5>, but at most version <1.4> allowed
<06_paperprototyp02.pdf, id=1694, page=4, 845.07718pt x 597.55246pt>
File: 06_paperprototyp02.pdf Graphic file (type pdf)

<use 06_paperprototyp02.pdf, page 4>
File: 06_paperprototyp02.pdf Graphic file (type pdf)
 <use 06_paperprototyp02.pdf, page 4>
File: 06_paperprototyp02.pdf Graphic file (type pdf)

<use 06_paperprototyp02.pdf, page 4> [76 <./06_paperprototyp02.pdf>]

pdfTeX warning: pdflatex (file ./06_paperprototyp02.pdf): PDF inclusion: found 
PDF version <1.5>, but at most version <1.4> allowed
<06_paperprototyp02.pdf, id=1701, page=5, 845.07718pt x 597.55246pt>
File: 06_paperprototyp02.pdf Graphic file (type pdf)

<use 06_paperprototyp02.pdf, page 5>
File: 06_paperprototyp02.pdf Graphic file (type pdf)
 <use 06_paperprototyp02.pdf, page 5>
File: 06_paperprototyp02.pdf Graphic file (type pdf)

<use 06_paperprototyp02.pdf, page 5> [77 <./06_paperprototyp02.pdf>]

pdfTeX warning: pdflatex (file ./06_paperprototyp03.pdf): PDF inclusion: found 
PDF version <1.5>, but at most version <1.4> allowed


pdfTeX warning: pdflatex (file ./06_paperprototyp03.pdf): PDF inclusion: found 
PDF version <1.5>, but at most version <1.4> allowed


pdfTeX warning: pdflatex (file ./06_paperprototyp03.pdf): PDF inclusion: found 
PDF version <1.5>, but at most version <1.4> allowed
<06_paperprototyp03.pdf, id=1712, page=1, 597.55246pt x 845.07718pt>
File: 06_paperprototyp03.pdf Graphic file (type pdf)

<use 06_paperprototyp03.pdf, page 1>
File: 06_paperprototyp03.pdf Graphic file (type pdf)
 <use 06_paperprototyp03.pdf, page 1>
File: 06_paperprototyp03.pdf Graphic file (type pdf)

<use 06_paperprototyp03.pdf, page 1>
File: 06_paperprototyp03.pdf Graphic file (type pdf)
 <use 06_paperprototyp03.pdf, page 1>
File: 06_paperprototyp03.pdf Graphic file (type pdf)

<use 06_paperprototyp03.pdf, page 1> [78 <./06_paperprototyp03.pdf>]

pdfTeX warning: pdflatex (file ./06_paperprototyp03.pdf): PDF inclusion: found 
PDF version <1.5>, but at most version <1.4> allowed
<06_paperprototyp03.pdf, id=1747, page=2, 597.55246pt x 845.07718pt>
File: 06_paperprototyp03.pdf Graphic file (type pdf)

<use 06_paperprototyp03.pdf, page 2>
File: 06_paperprototyp03.pdf Graphic file (type pdf)
 <use 06_paperprototyp03.pdf, page 2>
File: 06_paperprototyp03.pdf Graphic file (type pdf)

<use 06_paperprototyp03.pdf, page 2> [79 <./06_paperprototyp03.pdf>]

pdfTeX warning: pdflatex (file ./06_paperprototyp03.pdf): PDF inclusion: found 
PDF version <1.5>, but at most version <1.4> allowed
<06_paperprototyp03.pdf, id=1753, page=3, 597.55246pt x 845.07718pt>
File: 06_paperprototyp03.pdf Graphic file (type pdf)

<use 06_paperprototyp03.pdf, page 3>
File: 06_paperprototyp03.pdf Graphic file (type pdf)
 <use 06_paperprototyp03.pdf, page 3>
File: 06_paperprototyp03.pdf Graphic file (type pdf)

<use 06_paperprototyp03.pdf, page 3> [80 <./06_paperprototyp03.pdf>] [81]
<07_verhaltensanalyse01.pdf, id=1773, page=1, 614.295pt x 794.97pt>
File: 07_verhaltensanalyse01.pdf Graphic file (type pdf)

<use 07_verhaltensanalyse01.pdf, page 1>
File: 07_verhaltensanalyse01.pdf Graphic file (type pdf)

<use 07_verhaltensanalyse01.pdf, page 1>
File: 07_verhaltensanalyse01.pdf Graphic file (type pdf)

<use 07_verhaltensanalyse01.pdf, page 1>
File: 07_verhaltensanalyse01.pdf Graphic file (type pdf)

<use 07_verhaltensanalyse01.pdf, page 1>
File: 07_verhaltensanalyse01.pdf Graphic file (type pdf)

<use 07_verhaltensanalyse01.pdf, page 1> [82 <./07_verhaltensanalyse01.pdf>]
<07_verhaltensanalyse01.pdf, id=1794, page=2, 614.295pt x 794.97pt>
File: 07_verhaltensanalyse01.pdf Graphic file (type pdf)

<use 07_verhaltensanalyse01.pdf, page 2>
File: 07_verhaltensanalyse01.pdf Graphic file (type pdf)

<use 07_verhaltensanalyse01.pdf, page 2>
File: 07_verhaltensanalyse01.pdf Graphic file (type pdf)

<use 07_verhaltensanalyse01.pdf, page 2> [83 <./07_verhaltensanalyse01.pdf>]
<07_verhaltensanalyse02.pdf, id=1801, page=1, 614.295pt x 794.97pt>
File: 07_verhaltensanalyse02.pdf Graphic file (type pdf)

<use 07_verhaltensanalyse02.pdf, page 1>
File: 07_verhaltensanalyse02.pdf Graphic file (type pdf)

<use 07_verhaltensanalyse02.pdf, page 1>
File: 07_verhaltensanalyse02.pdf Graphic file (type pdf)

<use 07_verhaltensanalyse02.pdf, page 1>
File: 07_verhaltensanalyse02.pdf Graphic file (type pdf)

<use 07_verhaltensanalyse02.pdf, page 1>
File: 07_verhaltensanalyse02.pdf Graphic file (type pdf)

<use 07_verhaltensanalyse02.pdf, page 1> [84 <./07_verhaltensanalyse02.pdf>]
<07_verhaltensanalyse02.pdf, id=1818, page=2, 614.295pt x 794.97pt>
File: 07_verhaltensanalyse02.pdf Graphic file (type pdf)

<use 07_verhaltensanalyse02.pdf, page 2>
File: 07_verhaltensanalyse02.pdf Graphic file (type pdf)

<use 07_verhaltensanalyse02.pdf, page 2>
File: 07_verhaltensanalyse02.pdf Graphic file (type pdf)

<use 07_verhaltensanalyse02.pdf, page 2> [85 <./07_verhaltensanalyse02.pdf>]
<07_verhaltensanalyse02.pdf, id=1823, page=3, 614.295pt x 794.97pt>
File: 07_verhaltensanalyse02.pdf Graphic file (type pdf)

<use 07_verhaltensanalyse02.pdf, page 3>
File: 07_verhaltensanalyse02.pdf Graphic file (type pdf)

<use 07_verhaltensanalyse02.pdf, page 3>
File: 07_verhaltensanalyse02.pdf Graphic file (type pdf)

<use 07_verhaltensanalyse02.pdf, page 3> [86 <./07_verhaltensanalyse02.pdf>]
<07_verhaltensanalyse02.pdf, id=1828, page=4, 614.295pt x 794.97pt>
File: 07_verhaltensanalyse02.pdf Graphic file (type pdf)

<use 07_verhaltensanalyse02.pdf, page 4>
File: 07_verhaltensanalyse02.pdf Graphic file (type pdf)

<use 07_verhaltensanalyse02.pdf, page 4>
File: 07_verhaltensanalyse02.pdf Graphic file (type pdf)

<use 07_verhaltensanalyse02.pdf, page 4> [87 <./07_verhaltensanalyse02.pdf>]
<07_verhaltensanalyse02.pdf, id=1833, page=5, 614.295pt x 794.97pt>
File: 07_verhaltensanalyse02.pdf Graphic file (type pdf)

<use 07_verhaltensanalyse02.pdf, page 5>
File: 07_verhaltensanalyse02.pdf Graphic file (type pdf)

<use 07_verhaltensanalyse02.pdf, page 5>
File: 07_verhaltensanalyse02.pdf Graphic file (type pdf)

<use 07_verhaltensanalyse02.pdf, page 5> [88 <./07_verhaltensanalyse02.pdf>]
<07_verhaltensanalyse02.pdf, id=1838, page=6, 614.295pt x 794.97pt>
File: 07_verhaltensanalyse02.pdf Graphic file (type pdf)

<use 07_verhaltensanalyse02.pdf, page 6>
File: 07_verhaltensanalyse02.pdf Graphic file (type pdf)

<use 07_verhaltensanalyse02.pdf, page 6>
File: 07_verhaltensanalyse02.pdf Graphic file (type pdf)

<use 07_verhaltensanalyse02.pdf, page 6> [89 <./07_verhaltensanalyse02.pdf>]
<07_verhaltensanalyse02.pdf, id=1843, page=7, 614.295pt x 794.97pt>
File: 07_verhaltensanalyse02.pdf Graphic file (type pdf)

<use 07_verhaltensanalyse02.pdf, page 7>
File: 07_verhaltensanalyse02.pdf Graphic file (type pdf)

<use 07_verhaltensanalyse02.pdf, page 7>
File: 07_verhaltensanalyse02.pdf Graphic file (type pdf)

<use 07_verhaltensanalyse02.pdf, page 7> [90 <./07_verhaltensanalyse02.pdf>]
<07_verhaltensanalyse03.pdf, id=1851, page=1, 614.295pt x 794.97pt>
File: 07_verhaltensanalyse03.pdf Graphic file (type pdf)

<use 07_verhaltensanalyse03.pdf, page 1>
File: 07_verhaltensanalyse03.pdf Graphic file (type pdf)

<use 07_verhaltensanalyse03.pdf, page 1>
File: 07_verhaltensanalyse03.pdf Graphic file (type pdf)

<use 07_verhaltensanalyse03.pdf, page 1>
File: 07_verhaltensanalyse03.pdf Graphic file (type pdf)

<use 07_verhaltensanalyse03.pdf, page 1>
File: 07_verhaltensanalyse03.pdf Graphic file (type pdf)

<use 07_verhaltensanalyse03.pdf, page 1> [91 <./07_verhaltensanalyse03.pdf>]
<07_verhaltensanalyse03.pdf, id=1867, page=2, 614.295pt x 794.97pt>
File: 07_verhaltensanalyse03.pdf Graphic file (type pdf)

<use 07_verhaltensanalyse03.pdf, page 2>
File: 07_verhaltensanalyse03.pdf Graphic file (type pdf)

<use 07_verhaltensanalyse03.pdf, page 2>
File: 07_verhaltensanalyse03.pdf Graphic file (type pdf)

<use 07_verhaltensanalyse03.pdf, page 2> [92 <./07_verhaltensanalyse03.pdf>]
<07_verhaltensanalyse03.pdf, id=1872, page=3, 614.295pt x 794.97pt>
File: 07_verhaltensanalyse03.pdf Graphic file (type pdf)

<use 07_verhaltensanalyse03.pdf, page 3>
File: 07_verhaltensanalyse03.pdf Graphic file (type pdf)

<use 07_verhaltensanalyse03.pdf, page 3>
File: 07_verhaltensanalyse03.pdf Graphic file (type pdf)

<use 07_verhaltensanalyse03.pdf, page 3> [93 <./07_verhaltensanalyse03.pdf>]
<07_verhaltensanalyse03.pdf, id=1877, page=4, 614.295pt x 794.97pt>
File: 07_verhaltensanalyse03.pdf Graphic file (type pdf)

<use 07_verhaltensanalyse03.pdf, page 4>
File: 07_verhaltensanalyse03.pdf Graphic file (type pdf)

<use 07_verhaltensanalyse03.pdf, page 4>
File: 07_verhaltensanalyse03.pdf Graphic file (type pdf)

<use 07_verhaltensanalyse03.pdf, page 4> [94 <./07_verhaltensanalyse03.pdf>]
<07_verhaltensanalyse03.pdf, id=1882, page=5, 614.295pt x 794.97pt>
File: 07_verhaltensanalyse03.pdf Graphic file (type pdf)

<use 07_verhaltensanalyse03.pdf, page 5>
File: 07_verhaltensanalyse03.pdf Graphic file (type pdf)

<use 07_verhaltensanalyse03.pdf, page 5>
File: 07_verhaltensanalyse03.pdf Graphic file (type pdf)

<use 07_verhaltensanalyse03.pdf, page 5> [95 <./07_verhaltensanalyse03.pdf>]
<07_verhaltensanalyse03.pdf, id=1887, page=6, 614.295pt x 794.97pt>
File: 07_verhaltensanalyse03.pdf Graphic file (type pdf)

<use 07_verhaltensanalyse03.pdf, page 6>
File: 07_verhaltensanalyse03.pdf Graphic file (type pdf)

<use 07_verhaltensanalyse03.pdf, page 6>
File: 07_verhaltensanalyse03.pdf Graphic file (type pdf)

<use 07_verhaltensanalyse03.pdf, page 6> [96 <./07_verhaltensanalyse03.pdf>]
Overfull \hbox (5.86359pt too wide) in paragraph at lines 422--423
\T1/ppl/m/n/12 Weitere Paper-Prototyps wur-den er-stellt und sind im Fol-gen-de
n aufgezeigt. 
 []

<08_konvergenter_paperprototyp01_000.png, id=1893, 1027.84pt x 770.88pt>
File: 08_konvergenter_paperprototyp01_000.png Graphic file (type png)

<use 08_konvergenter_paperprototyp01_000.png>
<08_konvergenter_paperprototyp01_001.png, id=1895, 1027.84pt x 770.88pt>
File: 08_konvergenter_paperprototyp01_001.png Graphic file (type png)

<use 08_konvergenter_paperprototyp01_001.png>
<08_konvergenter_paperprototyp01_002.png, id=1896, 1546.77875pt x 770.88pt>
[97 <./08_konvergenter_paperprototyp01_000.png>]
File: 08_konvergenter_paperprototyp01_002.png Graphic file (type png)

<use 08_konvergenter_paperprototyp01_002.png>
<08_konvergenter_paperprototyp01_003.png, id=1902, 1027.84pt x 770.88pt>
File: 08_konvergenter_paperprototyp01_003.png Graphic file (type png)

<use 08_konvergenter_paperprototyp01_003.png>
<08_konvergenter_paperprototyp01_004.png, id=1903, 1268.74pt x 783.92876pt>
[98 <./08_konvergenter_paperprototyp01_001.png> <./08_konvergenter_paperprototy
p01_002.png>]
File: 08_konvergenter_paperprototyp01_004.png Graphic file (type png)
 <use 08_konvergenter_paperprototyp01_004.png>
<08_konvergenter_paperprototyp01_005.png, id=1910, 1535.7375pt x 822.07124pt>
File: 08_konvergenter_paperprototyp01_005.png Graphic file (type png)

<use 08_konvergenter_paperprototyp01_005.png>
<08_konvergenter_paperprototyp01_006.png, id=1911, 1286.8075pt x 806.01125pt>
[99 <./08_konvergenter_paperprototyp01_003.png> <./08_konvergenter_paperprototy
p01_004.png>]
File: 08_konvergenter_paperprototyp01_006.png Graphic file (type png)
 <use 08_konvergenter_paperprototyp01_006.png>
<08_konvergenter_paperprototyp01_007.png, id=1918, 1505.625pt x 715.67375pt>
File: 08_konvergenter_paperprototyp01_007.png Graphic file (type png)

<use 08_konvergenter_paperprototyp01_007.png>
<08_konvergenter_paperprototyp01_008.png, id=1919, 2022.55624pt x 715.67375pt>
File: 08_konvergenter_paperprototyp01_008.png Graphic file (type png)

<use 08_konvergenter_paperprototyp01_008.png>
<08_konvergenter_paperprototyp01_009.png, id=1920, 1535.7375pt x 715.67375pt>
[100 <./08_konvergenter_paperprototyp01_005.png> <./08_konvergenter_paperprotot
yp01_006.png> <./08_konvergenter_paperprototyp01_007.png>]
File: 08_konvergenter_paperprototyp01_009.png Graphic file (type png)

<use 08_konvergenter_paperprototyp01_009.png>
<08_konvergenter_paperprototyp01_010.png, id=1928, 1520.68124pt x 715.67375pt>
File: 08_konvergenter_paperprototyp01_010.png Graphic file (type png)

<use 08_konvergenter_paperprototyp01_010.png>
<08_konvergenter_paperprototyp01_011.png, id=1929, 1505.625pt x 715.67375pt>
File: 08_konvergenter_paperprototyp01_011.png Graphic file (type png)

<use 08_konvergenter_paperprototyp01_011.png>
<08_konvergenter_paperprototyp01_012.png, id=1930, 1535.7375pt x 715.67375pt>
[101 <./08_konvergenter_paperprototyp01_008.png> <./08_konvergenter_paperprotot
yp01_009.png> <./08_konvergenter_paperprototyp01_010.png>]
File: 08_konvergenter_paperprototyp01_012.png Graphic file (type png)

<use 08_konvergenter_paperprototyp01_012.png> [102 <./08_konvergenter_paperprot
otyp01_011.png> <./08_konvergenter_paperprototyp01_012.png>]

pdfTeX warning: pdflatex (file ./09_userstories_szenarien01.pdf): PDF inclusion
: found PDF version <1.5>, but at most version <1.4> allowed


pdfTeX warning: pdflatex (file ./09_userstories_szenarien01.pdf): PDF inclusion
: found PDF version <1.5>, but at most version <1.4> allowed
[103]

pdfTeX warning: pdflatex (file ./09_userstories_szenarien01.pdf): PDF inclusion
: found PDF version <1.5>, but at most version <1.4> allowed
<09_userstories_szenarien01.pdf, id=1951, page=1, 614.295pt x 794.97pt>
File: 09_userstories_szenarien01.pdf Graphic file (type pdf)

<use 09_userstories_szenarien01.pdf, page 1>
File: 09_userstories_szenarien01.pdf Graphic file (type pdf)

<use 09_userstories_szenarien01.pdf, page 1>
File: 09_userstories_szenarien01.pdf Graphic file (type pdf)

<use 09_userstories_szenarien01.pdf, page 1>
File: 09_userstories_szenarien01.pdf Graphic file (type pdf)

<use 09_userstories_szenarien01.pdf, page 1>
File: 09_userstories_szenarien01.pdf Graphic file (type pdf)

<use 09_userstories_szenarien01.pdf, page 1> [104 <./09_userstories_szenarien01
.pdf>]

pdfTeX warning: pdflatex (file ./09_userstories_szenarien01.pdf): PDF inclusion
: found PDF version <1.5>, but at most version <1.4> allowed
<09_userstories_szenarien01.pdf, id=1981, page=2, 614.295pt x 794.97pt>
File: 09_userstories_szenarien01.pdf Graphic file (type pdf)

<use 09_userstories_szenarien01.pdf, page 2>
File: 09_userstories_szenarien01.pdf Graphic file (type pdf)

<use 09_userstories_szenarien01.pdf, page 2>
File: 09_userstories_szenarien01.pdf Graphic file (type pdf)

<use 09_userstories_szenarien01.pdf, page 2> [105 <./09_userstories_szenarien01
.pdf>]

pdfTeX warning: pdflatex (file ./09_userstories_szenarien01.pdf): PDF inclusion
: found PDF version <1.5>, but at most version <1.4> allowed
<09_userstories_szenarien01.pdf, id=1990, page=3, 794.97pt x 614.295pt>
File: 09_userstories_szenarien01.pdf Graphic file (type pdf)

<use 09_userstories_szenarien01.pdf, page 3>
File: 09_userstories_szenarien01.pdf Graphic file (type pdf)

<use 09_userstories_szenarien01.pdf, page 3>
File: 09_userstories_szenarien01.pdf Graphic file (type pdf)

<use 09_userstories_szenarien01.pdf, page 3> [106 <./09_userstories_szenarien01
.pdf, page is rotated 90 degrees>]

pdfTeX warning: pdflatex (file ./09_userstories_szenarien01.pdf): PDF inclusion
: found PDF version <1.5>, but at most version <1.4> allowed
<09_userstories_szenarien01.pdf, id=2002, page=4, 794.97pt x 614.295pt>
File: 09_userstories_szenarien01.pdf Graphic file (type pdf)

<use 09_userstories_szenarien01.pdf, page 4>
File: 09_userstories_szenarien01.pdf Graphic file (type pdf)

<use 09_userstories_szenarien01.pdf, page 4>
File: 09_userstories_szenarien01.pdf Graphic file (type pdf)

<use 09_userstories_szenarien01.pdf, page 4> [107 <./09_userstories_szenarien01
.pdf, page is rotated 90 degrees>]

pdfTeX warning: pdflatex (file ./09_userstories_szenarien01.pdf): PDF inclusion
: found PDF version <1.5>, but at most version <1.4> allowed
<09_userstories_szenarien01.pdf, id=2013, page=5, 794.97pt x 614.295pt>
File: 09_userstories_szenarien01.pdf Graphic file (type pdf)

<use 09_userstories_szenarien01.pdf, page 5>
File: 09_userstories_szenarien01.pdf Graphic file (type pdf)

<use 09_userstories_szenarien01.pdf, page 5>
File: 09_userstories_szenarien01.pdf Graphic file (type pdf)

<use 09_userstories_szenarien01.pdf, page 5> [108 <./09_userstories_szenarien01
.pdf, page is rotated 90 degrees>]

pdfTeX warning: pdflatex (file ./09_userstories_szenarien01.pdf): PDF inclusion
: found PDF version <1.5>, but at most version <1.4> allowed
<09_userstories_szenarien01.pdf, id=2025, page=6, 794.97pt x 614.295pt>
File: 09_userstories_szenarien01.pdf Graphic file (type pdf)

<use 09_userstories_szenarien01.pdf, page 6>
File: 09_userstories_szenarien01.pdf Graphic file (type pdf)

<use 09_userstories_szenarien01.pdf, page 6>
File: 09_userstories_szenarien01.pdf Graphic file (type pdf)

<use 09_userstories_szenarien01.pdf, page 6> [109 <./09_userstories_szenarien01
.pdf, page is rotated 90 degrees>]

pdfTeX warning: pdflatex (file ./09_userstories_szenarien01.pdf): PDF inclusion
: found PDF version <1.5>, but at most version <1.4> allowed
<09_userstories_szenarien01.pdf, id=2036, page=7, 614.295pt x 794.97pt>
File: 09_userstories_szenarien01.pdf Graphic file (type pdf)

<use 09_userstories_szenarien01.pdf, page 7>
File: 09_userstories_szenarien01.pdf Graphic file (type pdf)

<use 09_userstories_szenarien01.pdf, page 7>
File: 09_userstories_szenarien01.pdf Graphic file (type pdf)

<use 09_userstories_szenarien01.pdf, page 7> [110 <./09_userstories_szenarien01
.pdf>]

pdfTeX warning: pdflatex (file ./09_userstories_szenarien01.pdf): PDF inclusion
: found PDF version <1.5>, but at most version <1.4> allowed
<09_userstories_szenarien01.pdf, id=2041, page=8, 614.295pt x 794.97pt>
File: 09_userstories_szenarien01.pdf Graphic file (type pdf)

<use 09_userstories_szenarien01.pdf, page 8>
File: 09_userstories_szenarien01.pdf Graphic file (type pdf)

<use 09_userstories_szenarien01.pdf, page 8>
File: 09_userstories_szenarien01.pdf Graphic file (type pdf)

<use 09_userstories_szenarien01.pdf, page 8> [111 <./09_userstories_szenarien01
.pdf>]

pdfTeX warning: pdflatex (file ./09_userstories_szenarien01.pdf): PDF inclusion
: found PDF version <1.5>, but at most version <1.4> allowed
<09_userstories_szenarien01.pdf, id=2046, page=9, 614.295pt x 794.97pt>
File: 09_userstories_szenarien01.pdf Graphic file (type pdf)

<use 09_userstories_szenarien01.pdf, page 9>
File: 09_userstories_szenarien01.pdf Graphic file (type pdf)

<use 09_userstories_szenarien01.pdf, page 9>
File: 09_userstories_szenarien01.pdf Graphic file (type pdf)

<use 09_userstories_szenarien01.pdf, page 9> [112 <./09_userstories_szenarien01
.pdf>]

pdfTeX warning: pdflatex (file ./09_userstories_szenarien01.pdf): PDF inclusion
: found PDF version <1.5>, but at most version <1.4> allowed
<09_userstories_szenarien01.pdf, id=2051, page=10, 614.295pt x 794.97pt>
File: 09_userstories_szenarien01.pdf Graphic file (type pdf)

<use 09_userstories_szenarien01.pdf, page 10>
File: 09_userstories_szenarien01.pdf Graphic file (type pdf)

<use 09_userstories_szenarien01.pdf, page 10>
File: 09_userstories_szenarien01.pdf Graphic file (type pdf)

<use 09_userstories_szenarien01.pdf, page 10> [113 <./09_userstories_szenarien0
1.pdf>]

pdfTeX warning: pdflatex (file ./09_userstories_szenarien01.pdf): PDF inclusion
: found PDF version <1.5>, but at most version <1.4> allowed
<09_userstories_szenarien01.pdf, id=2056, page=11, 614.295pt x 794.97pt>
File: 09_userstories_szenarien01.pdf Graphic file (type pdf)

<use 09_userstories_szenarien01.pdf, page 11>
File: 09_userstories_szenarien01.pdf Graphic file (type pdf)

<use 09_userstories_szenarien01.pdf, page 11>
File: 09_userstories_szenarien01.pdf Graphic file (type pdf)

<use 09_userstories_szenarien01.pdf, page 11> [114 <./09_userstories_szenarien0
1.pdf>]

pdfTeX warning: pdflatex (file ./09_userstories_szenarien01.pdf): PDF inclusion
: found PDF version <1.5>, but at most version <1.4> allowed
<09_userstories_szenarien01.pdf, id=2067, page=12, 614.295pt x 794.97pt>
File: 09_userstories_szenarien01.pdf Graphic file (type pdf)

<use 09_userstories_szenarien01.pdf, page 12>
File: 09_userstories_szenarien01.pdf Graphic file (type pdf)

<use 09_userstories_szenarien01.pdf, page 12>
File: 09_userstories_szenarien01.pdf Graphic file (type pdf)

<use 09_userstories_szenarien01.pdf, page 12> [115 <./09_userstories_szenarien0
1.pdf>]

pdfTeX warning: pdflatex (file ./09_userstories_szenarien01.pdf): PDF inclusion
: found PDF version <1.5>, but at most version <1.4> allowed
<09_userstories_szenarien01.pdf, id=2079, page=13, 614.295pt x 794.97pt>
File: 09_userstories_szenarien01.pdf Graphic file (type pdf)

<use 09_userstories_szenarien01.pdf, page 13>
File: 09_userstories_szenarien01.pdf Graphic file (type pdf)

<use 09_userstories_szenarien01.pdf, page 13>
File: 09_userstories_szenarien01.pdf Graphic file (type pdf)

<use 09_userstories_szenarien01.pdf, page 13> [116 <./09_userstories_szenarien0
1.pdf>]
<09_userstories_szenarien02.pdf, id=2091, page=1, 614.295pt x 794.97pt>
File: 09_userstories_szenarien02.pdf Graphic file (type pdf)

<use 09_userstories_szenarien02.pdf, page 1>
File: 09_userstories_szenarien02.pdf Graphic file (type pdf)

<use 09_userstories_szenarien02.pdf, page 1>
File: 09_userstories_szenarien02.pdf Graphic file (type pdf)

<use 09_userstories_szenarien02.pdf, page 1>
File: 09_userstories_szenarien02.pdf Graphic file (type pdf)

<use 09_userstories_szenarien02.pdf, page 1>
File: 09_userstories_szenarien02.pdf Graphic file (type pdf)

<use 09_userstories_szenarien02.pdf, page 1> [117 <./09_userstories_szenarien02
.pdf>] <09_userstories_szenarien02.pdf, id=2338, page=2, 614.295pt x 794.97pt>
File: 09_userstories_szenarien02.pdf Graphic file (type pdf)

<use 09_userstories_szenarien02.pdf, page 2>
File: 09_userstories_szenarien02.pdf Graphic file (type pdf)

<use 09_userstories_szenarien02.pdf, page 2>
File: 09_userstories_szenarien02.pdf Graphic file (type pdf)

<use 09_userstories_szenarien02.pdf, page 2> [118 <./09_userstories_szenarien02
.pdf>] <09_userstories_szenarien02.pdf, id=2344, page=3, 614.295pt x 794.97pt>
File: 09_userstories_szenarien02.pdf Graphic file (type pdf)

<use 09_userstories_szenarien02.pdf, page 3>
File: 09_userstories_szenarien02.pdf Graphic file (type pdf)

<use 09_userstories_szenarien02.pdf, page 3>
File: 09_userstories_szenarien02.pdf Graphic file (type pdf)

<use 09_userstories_szenarien02.pdf, page 3> [119 <./09_userstories_szenarien02
.pdf>] <09_userstories_szenarien02.pdf, id=2356, page=4, 794.97pt x 614.295pt>
File: 09_userstories_szenarien02.pdf Graphic file (type pdf)

<use 09_userstories_szenarien02.pdf, page 4>
File: 09_userstories_szenarien02.pdf Graphic file (type pdf)

<use 09_userstories_szenarien02.pdf, page 4>
File: 09_userstories_szenarien02.pdf Graphic file (type pdf)

<use 09_userstories_szenarien02.pdf, page 4> [120 <./09_userstories_szenarien02
.pdf, page is rotated 90 degrees>]
<09_userstories_szenarien02.pdf, id=2369, page=5, 794.97pt x 614.295pt>
File: 09_userstories_szenarien02.pdf Graphic file (type pdf)

<use 09_userstories_szenarien02.pdf, page 5>
File: 09_userstories_szenarien02.pdf Graphic file (type pdf)

<use 09_userstories_szenarien02.pdf, page 5>
File: 09_userstories_szenarien02.pdf Graphic file (type pdf)

<use 09_userstories_szenarien02.pdf, page 5> [121 <./09_userstories_szenarien02
.pdf, page is rotated 90 degrees>]
<09_userstories_szenarien02.pdf, id=2381, page=6, 614.295pt x 794.97pt>
File: 09_userstories_szenarien02.pdf Graphic file (type pdf)

<use 09_userstories_szenarien02.pdf, page 6>
File: 09_userstories_szenarien02.pdf Graphic file (type pdf)

<use 09_userstories_szenarien02.pdf, page 6>
File: 09_userstories_szenarien02.pdf Graphic file (type pdf)

<use 09_userstories_szenarien02.pdf, page 6> [122 <./09_userstories_szenarien02
.pdf>] <09_userstories_szenarien02.pdf, id=2393, page=7, 614.295pt x 794.97pt>
File: 09_userstories_szenarien02.pdf Graphic file (type pdf)

<use 09_userstories_szenarien02.pdf, page 7>
File: 09_userstories_szenarien02.pdf Graphic file (type pdf)

<use 09_userstories_szenarien02.pdf, page 7>
File: 09_userstories_szenarien02.pdf Graphic file (type pdf)

<use 09_userstories_szenarien02.pdf, page 7> [123 <./09_userstories_szenarien02
.pdf>] <09_userstories_szenarien02.pdf, id=2405, page=8, 614.295pt x 794.97pt>
File: 09_userstories_szenarien02.pdf Graphic file (type pdf)

<use 09_userstories_szenarien02.pdf, page 8>
File: 09_userstories_szenarien02.pdf Graphic file (type pdf)

<use 09_userstories_szenarien02.pdf, page 8>
File: 09_userstories_szenarien02.pdf Graphic file (type pdf)

<use 09_userstories_szenarien02.pdf, page 8> [124 <./09_userstories_szenarien02
.pdf>] <09_userstories_szenarien02.pdf, id=2440, page=9, 614.295pt x 794.97pt>
File: 09_userstories_szenarien02.pdf Graphic file (type pdf)

<use 09_userstories_szenarien02.pdf, page 9>
File: 09_userstories_szenarien02.pdf Graphic file (type pdf)

<use 09_userstories_szenarien02.pdf, page 9>
File: 09_userstories_szenarien02.pdf Graphic file (type pdf)

<use 09_userstories_szenarien02.pdf, page 9> [125 <./09_userstories_szenarien02
.pdf>]
<09_userstories_szenarien02.pdf, id=2447, page=10, 614.295pt x 794.97pt>
File: 09_userstories_szenarien02.pdf Graphic file (type pdf)

<use 09_userstories_szenarien02.pdf, page 10>
File: 09_userstories_szenarien02.pdf Graphic file (type pdf)

<use 09_userstories_szenarien02.pdf, page 10>
File: 09_userstories_szenarien02.pdf Graphic file (type pdf)

<use 09_userstories_szenarien02.pdf, page 10> [126 <./09_userstories_szenarien0
2.pdf>]
<09_userstories_szenarien02.pdf, id=2502, page=11, 614.295pt x 794.97pt>
File: 09_userstories_szenarien02.pdf Graphic file (type pdf)

<use 09_userstories_szenarien02.pdf, page 11>
File: 09_userstories_szenarien02.pdf Graphic file (type pdf)

<use 09_userstories_szenarien02.pdf, page 11>
File: 09_userstories_szenarien02.pdf Graphic file (type pdf)

<use 09_userstories_szenarien02.pdf, page 11> [127 <./09_userstories_szenarien0
2.pdf>]
<09_userstories_szenarien02.pdf, id=2507, page=12, 614.295pt x 794.97pt>
File: 09_userstories_szenarien02.pdf Graphic file (type pdf)

<use 09_userstories_szenarien02.pdf, page 12>
File: 09_userstories_szenarien02.pdf Graphic file (type pdf)

<use 09_userstories_szenarien02.pdf, page 12>
File: 09_userstories_szenarien02.pdf Graphic file (type pdf)

<use 09_userstories_szenarien02.pdf, page 12> [128 <./09_userstories_szenarien0
2.pdf>]
<09_userstories_szenarien02.pdf, id=2512, page=13, 614.295pt x 794.97pt>
File: 09_userstories_szenarien02.pdf Graphic file (type pdf)

<use 09_userstories_szenarien02.pdf, page 13>
File: 09_userstories_szenarien02.pdf Graphic file (type pdf)

<use 09_userstories_szenarien02.pdf, page 13>
File: 09_userstories_szenarien02.pdf Graphic file (type pdf)

<use 09_userstories_szenarien02.pdf, page 13> [129 <./09_userstories_szenarien0
2.pdf>]

pdfTeX warning: pdflatex (file ./00_iterationsplanung03.pdf): PDF inclusion: fo
und PDF version <1.5>, but at most version <1.4> allowed


pdfTeX warning: pdflatex (file ./00_iterationsplanung03.pdf): PDF inclusion: fo
und PDF version <1.5>, but at most version <1.4> allowed
[130]

pdfTeX warning: pdflatex (file ./00_iterationsplanung03.pdf): PDF inclusion: fo
und PDF version <1.5>, but at most version <1.4> allowed
<00_iterationsplanung03.pdf, id=2526, page=1, 845.07718pt x 597.55246pt>
File: 00_iterationsplanung03.pdf Graphic file (type pdf)

<use 00_iterationsplanung03.pdf, page 1>
File: 00_iterationsplanung03.pdf Graphic file (type pdf)

<use 00_iterationsplanung03.pdf, page 1>
File: 00_iterationsplanung03.pdf Graphic file (type pdf)

<use 00_iterationsplanung03.pdf, page 1>
File: 00_iterationsplanung03.pdf Graphic file (type pdf)

<use 00_iterationsplanung03.pdf, page 1>
File: 00_iterationsplanung03.pdf Graphic file (type pdf)

<use 00_iterationsplanung03.pdf, page 1> [131 <./00_iterationsplanung03.pdf>]

pdfTeX warning: pdflatex (file ./00_iterationsplanung03.pdf): PDF inclusion: fo
und PDF version <1.5>, but at most version <1.4> allowed
<00_iterationsplanung03.pdf, id=2554, page=2, 845.07718pt x 597.55246pt>
File: 00_iterationsplanung03.pdf Graphic file (type pdf)

<use 00_iterationsplanung03.pdf, page 2>
File: 00_iterationsplanung03.pdf Graphic file (type pdf)

<use 00_iterationsplanung03.pdf, page 2>
File: 00_iterationsplanung03.pdf Graphic file (type pdf)

<use 00_iterationsplanung03.pdf, page 2> [132 <./00_iterationsplanung03.pdf>]

pdfTeX warning: pdflatex (file ./00_iterationsplanung03.pdf): PDF inclusion: fo
und PDF version <1.5>, but at most version <1.4> allowed
<00_iterationsplanung03.pdf, id=2561, page=3, 845.07718pt x 597.55246pt>
File: 00_iterationsplanung03.pdf Graphic file (type pdf)

<use 00_iterationsplanung03.pdf, page 3>
File: 00_iterationsplanung03.pdf Graphic file (type pdf)

<use 00_iterationsplanung03.pdf, page 3>
File: 00_iterationsplanung03.pdf Graphic file (type pdf)

<use 00_iterationsplanung03.pdf, page 3> [133 <./00_iterationsplanung03.pdf>]

pdfTeX warning: pdflatex (file ./00_iterationsplanung04.pdf): PDF inclusion: fo
und PDF version <1.5>, but at most version <1.4> allowed


pdfTeX warning: pdflatex (file ./00_iterationsplanung04.pdf): PDF inclusion: fo
und PDF version <1.5>, but at most version <1.4> allowed


pdfTeX warning: pdflatex (file ./00_iterationsplanung04.pdf): PDF inclusion: fo
und PDF version <1.5>, but at most version <1.4> allowed
<00_iterationsplanung04.pdf, id=2571, page=1, 845.07718pt x 597.55246pt>
File: 00_iterationsplanung04.pdf Graphic file (type pdf)

<use 00_iterationsplanung04.pdf, page 1>
File: 00_iterationsplanung04.pdf Graphic file (type pdf)

<use 00_iterationsplanung04.pdf, page 1>
File: 00_iterationsplanung04.pdf Graphic file (type pdf)

<use 00_iterationsplanung04.pdf, page 1>
File: 00_iterationsplanung04.pdf Graphic file (type pdf)

<use 00_iterationsplanung04.pdf, page 1>
File: 00_iterationsplanung04.pdf Graphic file (type pdf)

<use 00_iterationsplanung04.pdf, page 1> [134 <./00_iterationsplanung04.pdf>]

pdfTeX warning: pdflatex (file ./00_iterationsplanung04.pdf): PDF inclusion: fo
und PDF version <1.5>, but at most version <1.4> allowed
<00_iterationsplanung04.pdf, id=2599, page=2, 845.07718pt x 597.55246pt>
File: 00_iterationsplanung04.pdf Graphic file (type pdf)

<use 00_iterationsplanung04.pdf, page 2>
File: 00_iterationsplanung04.pdf Graphic file (type pdf)

<use 00_iterationsplanung04.pdf, page 2>
File: 00_iterationsplanung04.pdf Graphic file (type pdf)

<use 00_iterationsplanung04.pdf, page 2> [135 <./00_iterationsplanung04.pdf>]

pdfTeX warning: pdflatex (file ./00_iterationsplanung04.pdf): PDF inclusion: fo
und PDF version <1.5>, but at most version <1.4> allowed
<00_iterationsplanung04.pdf, id=2605, page=3, 845.07718pt x 597.55246pt>
File: 00_iterationsplanung04.pdf Graphic file (type pdf)

<use 00_iterationsplanung04.pdf, page 3>
File: 00_iterationsplanung04.pdf Graphic file (type pdf)

<use 00_iterationsplanung04.pdf, page 3>
File: 00_iterationsplanung04.pdf Graphic file (type pdf)

<use 00_iterationsplanung04.pdf, page 3> [136 <./00_iterationsplanung04.pdf>]

pdfTeX warning: pdflatex (file ./00_iterationsplanung04.pdf): PDF inclusion: fo
und PDF version <1.5>, but at most version <1.4> allowed
<00_iterationsplanung04.pdf, id=2611, page=4, 845.07718pt x 597.55246pt>
File: 00_iterationsplanung04.pdf Graphic file (type pdf)

<use 00_iterationsplanung04.pdf, page 4>
File: 00_iterationsplanung04.pdf Graphic file (type pdf)

<use 00_iterationsplanung04.pdf, page 4>
File: 00_iterationsplanung04.pdf Graphic file (type pdf)

<use 00_iterationsplanung04.pdf, page 4> [137 <./00_iterationsplanung04.pdf>]

pdfTeX warning: pdflatex (file ./00_iterationsplanung04.pdf): PDF inclusion: fo
und PDF version <1.5>, but at most version <1.4> allowed
<00_iterationsplanung04.pdf, id=2617, page=5, 845.07718pt x 597.55246pt>
File: 00_iterationsplanung04.pdf Graphic file (type pdf)

<use 00_iterationsplanung04.pdf, page 5>
File: 00_iterationsplanung04.pdf Graphic file (type pdf)

<use 00_iterationsplanung04.pdf, page 5>
File: 00_iterationsplanung04.pdf Graphic file (type pdf)

<use 00_iterationsplanung04.pdf, page 5> [138 <./00_iterationsplanung04.pdf>]

pdfTeX warning: pdflatex (file ./00_iterationsplanung05.pdf): PDF inclusion: fo
und PDF version <1.5>, but at most version <1.4> allowed


pdfTeX warning: pdflatex (file ./00_iterationsplanung05.pdf): PDF inclusion: fo
und PDF version <1.5>, but at most version <1.4> allowed


pdfTeX warning: pdflatex (file ./00_iterationsplanung05.pdf): PDF inclusion: fo
und PDF version <1.5>, but at most version <1.4> allowed
<00_iterationsplanung05.pdf, id=2628, page=1, 845.07718pt x 597.55246pt>
File: 00_iterationsplanung05.pdf Graphic file (type pdf)

<use 00_iterationsplanung05.pdf, page 1>
File: 00_iterationsplanung05.pdf Graphic file (type pdf)

<use 00_iterationsplanung05.pdf, page 1>
File: 00_iterationsplanung05.pdf Graphic file (type pdf)

<use 00_iterationsplanung05.pdf, page 1>
File: 00_iterationsplanung05.pdf Graphic file (type pdf)

<use 00_iterationsplanung05.pdf, page 1>
File: 00_iterationsplanung05.pdf Graphic file (type pdf)

<use 00_iterationsplanung05.pdf, page 1> [139 <./00_iterationsplanung05.pdf>]

pdfTeX warning: pdflatex (file ./00_iterationsplanung05.pdf): PDF inclusion: fo
und PDF version <1.5>, but at most version <1.4> allowed
<00_iterationsplanung05.pdf, id=2656, page=2, 845.07718pt x 597.55246pt>
File: 00_iterationsplanung05.pdf Graphic file (type pdf)

<use 00_iterationsplanung05.pdf, page 2>
File: 00_iterationsplanung05.pdf Graphic file (type pdf)

<use 00_iterationsplanung05.pdf, page 2>
File: 00_iterationsplanung05.pdf Graphic file (type pdf)

<use 00_iterationsplanung05.pdf, page 2> [140 <./00_iterationsplanung05.pdf>]

pdfTeX warning: pdflatex (file ./00_iterationsplanung05.pdf): PDF inclusion: fo
und PDF version <1.5>, but at most version <1.4> allowed
<00_iterationsplanung05.pdf, id=2662, page=3, 845.07718pt x 597.55246pt>
File: 00_iterationsplanung05.pdf Graphic file (type pdf)

<use 00_iterationsplanung05.pdf, page 3>
File: 00_iterationsplanung05.pdf Graphic file (type pdf)

<use 00_iterationsplanung05.pdf, page 3>
File: 00_iterationsplanung05.pdf Graphic file (type pdf)

<use 00_iterationsplanung05.pdf, page 3> [141 <./00_iterationsplanung05.pdf>]

pdfTeX warning: pdflatex (file ./00_iterationsplanung05.pdf): PDF inclusion: fo
und PDF version <1.5>, but at most version <1.4> allowed
<00_iterationsplanung05.pdf, id=2668, page=4, 845.07718pt x 597.55246pt>
File: 00_iterationsplanung05.pdf Graphic file (type pdf)

<use 00_iterationsplanung05.pdf, page 4>
File: 00_iterationsplanung05.pdf Graphic file (type pdf)

<use 00_iterationsplanung05.pdf, page 4>
File: 00_iterationsplanung05.pdf Graphic file (type pdf)

<use 00_iterationsplanung05.pdf, page 4> [142 <./00_iterationsplanung05.pdf>]

pdfTeX warning: pdflatex (file ./00_iterationsplanung05.pdf): PDF inclusion: fo
und PDF version <1.5>, but at most version <1.4> allowed
<00_iterationsplanung05.pdf, id=2674, page=5, 845.07718pt x 597.55246pt>
File: 00_iterationsplanung05.pdf Graphic file (type pdf)

<use 00_iterationsplanung05.pdf, page 5>
File: 00_iterationsplanung05.pdf Graphic file (type pdf)

<use 00_iterationsplanung05.pdf, page 5>
File: 00_iterationsplanung05.pdf Graphic file (type pdf)

<use 00_iterationsplanung05.pdf, page 5> [143 <./00_iterationsplanung05.pdf>]

pdfTeX warning: pdflatex (file ./00_iterationsplanung05.pdf): PDF inclusion: fo
und PDF version <1.5>, but at most version <1.4> allowed
<00_iterationsplanung05.pdf, id=2683, page=6, 845.07718pt x 597.55246pt>
File: 00_iterationsplanung05.pdf Graphic file (type pdf)

<use 00_iterationsplanung05.pdf, page 6>
File: 00_iterationsplanung05.pdf Graphic file (type pdf)

<use 00_iterationsplanung05.pdf, page 6>
File: 00_iterationsplanung05.pdf Graphic file (type pdf)

<use 00_iterationsplanung05.pdf, page 6> [144 <./00_iterationsplanung05.pdf>]
<10_finaler_paperprototyp_001.png, id=2690, 1027.84pt x 770.88pt>
File: 10_finaler_paperprototyp_001.png Graphic file (type png)

<use 10_finaler_paperprototyp_001.png>
<10_finaler_paperprototyp_002.png, id=2691, 1510.64375pt x 770.88pt>
File: 10_finaler_paperprototyp_002.png Graphic file (type png)

<use 10_finaler_paperprototyp_002.png>
<10_finaler_paperprototyp_003.png, id=2692, 1277.77374pt x 770.88pt> [145 <./10
_finaler_paperprototyp_001.png>]
File: 10_finaler_paperprototyp_003.png Graphic file (type png)
 <use 10_finaler_paperprototyp_003.png>
<10_finaler_paperprototyp_004.png, id=2698, 1516.66624pt x 822.07124pt>
File: 10_finaler_paperprototyp_004.png Graphic file (type png)

<use 10_finaler_paperprototyp_004.png>
<10_finaler_paperprototyp_005.png, id=2699, 1334.9875pt x 783.92876pt>
File: 10_finaler_paperprototyp_005.png Graphic file (type png)

<use 10_finaler_paperprototyp_005.png>
<10_finaler_paperprototyp_006.png, id=2700, 1027.84pt x 770.88pt> [146 <./10_fi
naler_paperprototyp_002.png> <./10_finaler_paperprototyp_003.png> <./10_finaler
_paperprototyp_004.png>]
File: 10_finaler_paperprototyp_006.png Graphic file (type png)
 <use 10_finaler_paperprototyp_006.png>
<10_finaler_paperprototyp_007.png, id=2708, 1440.38126pt x 806.01125pt>
File: 10_finaler_paperprototyp_007.png Graphic file (type png)

<use 10_finaler_paperprototyp_007.png> [147 <./10_finaler_paperprototyp_005.png
> <./10_finaler_paperprototyp_006.png>] [148 <./10_finaler_paperprototyp_007.pn
g>] <11_erdd.png, id=2720, 966.61125pt x 660.4675pt>
File: 11_erdd.png Graphic file (type png)
 <use 11_erdd.png> [149 <./11_erdd.png (PNG copy)>] [150]
<12_bedienungsanleitung.pdf, id=2734, page=1, 722.7pt x 542.025pt>
File: 12_bedienungsanleitung.pdf Graphic file (type pdf)

<use 12_bedienungsanleitung.pdf, page 1>
File: 12_bedienungsanleitung.pdf Graphic file (type pdf)

<use 12_bedienungsanleitung.pdf, page 1>
File: 12_bedienungsanleitung.pdf Graphic file (type pdf)

<use 12_bedienungsanleitung.pdf, page 1>
File: 12_bedienungsanleitung.pdf Graphic file (type pdf)

<use 12_bedienungsanleitung.pdf, page 1>
File: 12_bedienungsanleitung.pdf Graphic file (type pdf)

<use 12_bedienungsanleitung.pdf, page 1> [151 <./12_bedienungsanleitung.pdf>]
<12_bedienungsanleitung.pdf, id=2773, page=2, 722.7pt x 542.025pt>
File: 12_bedienungsanleitung.pdf Graphic file (type pdf)

<use 12_bedienungsanleitung.pdf, page 2>
File: 12_bedienungsanleitung.pdf Graphic file (type pdf)

<use 12_bedienungsanleitung.pdf, page 2>
File: 12_bedienungsanleitung.pdf Graphic file (type pdf)

<use 12_bedienungsanleitung.pdf, page 2> [152 <./12_bedienungsanleitung.pdf>]
<12_bedienungsanleitung.pdf, id=2779, page=3, 722.7pt x 542.025pt>
File: 12_bedienungsanleitung.pdf Graphic file (type pdf)

<use 12_bedienungsanleitung.pdf, page 3>
File: 12_bedienungsanleitung.pdf Graphic file (type pdf)

<use 12_bedienungsanleitung.pdf, page 3>
File: 12_bedienungsanleitung.pdf Graphic file (type pdf)

<use 12_bedienungsanleitung.pdf, page 3> [153 <./12_bedienungsanleitung.pdf>]
<12_bedienungsanleitung.pdf, id=2785, page=4, 722.7pt x 542.025pt>
File: 12_bedienungsanleitung.pdf Graphic file (type pdf)

<use 12_bedienungsanleitung.pdf, page 4>
File: 12_bedienungsanleitung.pdf Graphic file (type pdf)

<use 12_bedienungsanleitung.pdf, page 4>
File: 12_bedienungsanleitung.pdf Graphic file (type pdf)

<use 12_bedienungsanleitung.pdf, page 4> [154 <./12_bedienungsanleitung.pdf>]
<12_bedienungsanleitung.pdf, id=2791, page=5, 722.7pt x 542.025pt>
File: 12_bedienungsanleitung.pdf Graphic file (type pdf)

<use 12_bedienungsanleitung.pdf, page 5>
File: 12_bedienungsanleitung.pdf Graphic file (type pdf)

<use 12_bedienungsanleitung.pdf, page 5>
File: 12_bedienungsanleitung.pdf Graphic file (type pdf)

<use 12_bedienungsanleitung.pdf, page 5> [155 <./12_bedienungsanleitung.pdf>]
<12_bedienungsanleitung.pdf, id=2797, page=6, 722.7pt x 542.025pt>
File: 12_bedienungsanleitung.pdf Graphic file (type pdf)

<use 12_bedienungsanleitung.pdf, page 6>
File: 12_bedienungsanleitung.pdf Graphic file (type pdf)

<use 12_bedienungsanleitung.pdf, page 6>
File: 12_bedienungsanleitung.pdf Graphic file (type pdf)

<use 12_bedienungsanleitung.pdf, page 6> [156 <./12_bedienungsanleitung.pdf>]
<12_bedienungsanleitung.pdf, id=2804, page=7, 722.7pt x 542.025pt>
File: 12_bedienungsanleitung.pdf Graphic file (type pdf)

<use 12_bedienungsanleitung.pdf, page 7>
File: 12_bedienungsanleitung.pdf Graphic file (type pdf)

<use 12_bedienungsanleitung.pdf, page 7>
File: 12_bedienungsanleitung.pdf Graphic file (type pdf)

<use 12_bedienungsanleitung.pdf, page 7> [157 <./12_bedienungsanleitung.pdf>]
<12_bedienungsanleitung.pdf, id=2810, page=8, 722.7pt x 542.025pt>
File: 12_bedienungsanleitung.pdf Graphic file (type pdf)

<use 12_bedienungsanleitung.pdf, page 8>
File: 12_bedienungsanleitung.pdf Graphic file (type pdf)

<use 12_bedienungsanleitung.pdf, page 8>
File: 12_bedienungsanleitung.pdf Graphic file (type pdf)

<use 12_bedienungsanleitung.pdf, page 8> [158 <./12_bedienungsanleitung.pdf>]
<12_bedienungsanleitung.pdf, id=2816, page=9, 722.7pt x 542.025pt>
File: 12_bedienungsanleitung.pdf Graphic file (type pdf)

<use 12_bedienungsanleitung.pdf, page 9>
File: 12_bedienungsanleitung.pdf Graphic file (type pdf)

<use 12_bedienungsanleitung.pdf, page 9>
File: 12_bedienungsanleitung.pdf Graphic file (type pdf)

<use 12_bedienungsanleitung.pdf, page 9> [159 <./12_bedienungsanleitung.pdf>]
[160]
<13_abschlusspraesentation_konzept.pdf, id=2830, page=1, 722.7pt x 542.025pt>
File: 13_abschlusspraesentation_konzept.pdf Graphic file (type pdf)

<use 13_abschlusspraesentation_konzept.pdf, page 1>
File: 13_abschlusspraesentation_konzept.pdf Graphic file (type pdf)

<use 13_abschlusspraesentation_konzept.pdf, page 1>
File: 13_abschlusspraesentation_konzept.pdf Graphic file (type pdf)

<use 13_abschlusspraesentation_konzept.pdf, page 1>
File: 13_abschlusspraesentation_konzept.pdf Graphic file (type pdf)

<use 13_abschlusspraesentation_konzept.pdf, page 1>
File: 13_abschlusspraesentation_konzept.pdf Graphic file (type pdf)

<use 13_abschlusspraesentation_konzept.pdf, page 1> [161 <./13_abschlusspraesen
tation_konzept.pdf>]
<13_abschlusspraesentation_konzept.pdf, id=2980, page=2, 722.7pt x 542.025pt>
File: 13_abschlusspraesentation_konzept.pdf Graphic file (type pdf)

<use 13_abschlusspraesentation_konzept.pdf, page 2>
File: 13_abschlusspraesentation_konzept.pdf Graphic file (type pdf)

<use 13_abschlusspraesentation_konzept.pdf, page 2>
File: 13_abschlusspraesentation_konzept.pdf Graphic file (type pdf)

<use 13_abschlusspraesentation_konzept.pdf, page 2> [162 <./13_abschlusspraesen
tation_konzept.pdf>]
<13_abschlusspraesentation_konzept.pdf, id=2987, page=3, 722.7pt x 542.025pt>
File: 13_abschlusspraesentation_konzept.pdf Graphic file (type pdf)

<use 13_abschlusspraesentation_konzept.pdf, page 3>
File: 13_abschlusspraesentation_konzept.pdf Graphic file (type pdf)

<use 13_abschlusspraesentation_konzept.pdf, page 3>
File: 13_abschlusspraesentation_konzept.pdf Graphic file (type pdf)

<use 13_abschlusspraesentation_konzept.pdf, page 3> [163 <./13_abschlusspraesen
tation_konzept.pdf>]
<13_abschlusspraesentation_konzept.pdf, id=2993, page=4, 722.7pt x 542.025pt>
File: 13_abschlusspraesentation_konzept.pdf Graphic file (type pdf)

<use 13_abschlusspraesentation_konzept.pdf, page 4>
File: 13_abschlusspraesentation_konzept.pdf Graphic file (type pdf)

<use 13_abschlusspraesentation_konzept.pdf, page 4>
File: 13_abschlusspraesentation_konzept.pdf Graphic file (type pdf)

<use 13_abschlusspraesentation_konzept.pdf, page 4> [164 <./13_abschlusspraesen
tation_konzept.pdf>]
<13_abschlusspraesentation_konzept.pdf, id=2999, page=5, 722.7pt x 542.025pt>
File: 13_abschlusspraesentation_konzept.pdf Graphic file (type pdf)

<use 13_abschlusspraesentation_konzept.pdf, page 5>
File: 13_abschlusspraesentation_konzept.pdf Graphic file (type pdf)

<use 13_abschlusspraesentation_konzept.pdf, page 5>
File: 13_abschlusspraesentation_konzept.pdf Graphic file (type pdf)

<use 13_abschlusspraesentation_konzept.pdf, page 5> [165 <./13_abschlusspraesen
tation_konzept.pdf>]
<13_abschlusspraesentation_konzept.pdf, id=3005, page=6, 722.7pt x 542.025pt>
File: 13_abschlusspraesentation_konzept.pdf Graphic file (type pdf)

<use 13_abschlusspraesentation_konzept.pdf, page 6>
File: 13_abschlusspraesentation_konzept.pdf Graphic file (type pdf)

<use 13_abschlusspraesentation_konzept.pdf, page 6>
File: 13_abschlusspraesentation_konzept.pdf Graphic file (type pdf)

<use 13_abschlusspraesentation_konzept.pdf, page 6> [166 <./13_abschlusspraesen
tation_konzept.pdf>]
<13_abschlusspraesentation_konzept.pdf, id=3011, page=7, 722.7pt x 542.025pt>
File: 13_abschlusspraesentation_konzept.pdf Graphic file (type pdf)

<use 13_abschlusspraesentation_konzept.pdf, page 7>
File: 13_abschlusspraesentation_konzept.pdf Graphic file (type pdf)

<use 13_abschlusspraesentation_konzept.pdf, page 7>
File: 13_abschlusspraesentation_konzept.pdf Graphic file (type pdf)

<use 13_abschlusspraesentation_konzept.pdf, page 7> [167 <./13_abschlusspraesen
tation_konzept.pdf>]
<13_abschlusspraesentation_konzept.pdf, id=3017, page=8, 722.7pt x 542.025pt>
File: 13_abschlusspraesentation_konzept.pdf Graphic file (type pdf)

<use 13_abschlusspraesentation_konzept.pdf, page 8>
File: 13_abschlusspraesentation_konzept.pdf Graphic file (type pdf)

<use 13_abschlusspraesentation_konzept.pdf, page 8>
File: 13_abschlusspraesentation_konzept.pdf Graphic file (type pdf)

<use 13_abschlusspraesentation_konzept.pdf, page 8> [168 <./13_abschlusspraesen
tation_konzept.pdf>]
<13_abschlusspraesentation_konzept.pdf, id=3024, page=9, 722.7pt x 542.025pt>
File: 13_abschlusspraesentation_konzept.pdf Graphic file (type pdf)

<use 13_abschlusspraesentation_konzept.pdf, page 9>
File: 13_abschlusspraesentation_konzept.pdf Graphic file (type pdf)

<use 13_abschlusspraesentation_konzept.pdf, page 9>
File: 13_abschlusspraesentation_konzept.pdf Graphic file (type pdf)

<use 13_abschlusspraesentation_konzept.pdf, page 9> [169 <./13_abschlusspraesen
tation_konzept.pdf>] (./00_projektdokumentation.aux) ) 
Here is how much of TeX's memory you used:
 6549 strings out of 495061
 105779 string characters out of 1182621
 157269 words of memory out of 3000000
 9288 multiletter control sequences out of 15000+50000
 34272 words of font info for 71 fonts, out of 3000000 for 9000
 28 hyphenation exceptions out of 8191
 38i,16n,39p,903b,457s stack positions out of 5000i,500n,10000p,200000b,50000s
 </home/flyover/.texmf-va
r/fonts/pk/ljfour/jknappen/ec/ectt1200.600pk>{/usr/share/texmf-texlive/fonts/en
c/dvips/base/8r.enc}</usr/share/texmf-texlive/fonts/type1/public/amsfonts/cm/cm
sy10.pfb></usr/share/texmf-texlive/fonts/type1/public/amsfonts/euler/euex10.pfb
></usr/share/texmf-texlive/fonts/type1/public/amsfonts/euler/eurm10.pfb></usr/s
hare/texmf-texlive/fonts/type1/urw/palatino/uplb8a.pfb></usr/share/texmf-texliv
e/fonts/type1/urw/palatino/uplr8a.pfb></usr/share/texmf-texlive/fonts/type1/urw
/palatino/uplri8a.pfb>
Output written on 00_projektdokumentation.pdf (170 pages, 31890288 bytes).
PDF statistics:
 3139 PDF objects out of 3580 (max. 8388607)
 250 named destinations out of 1000 (max. 500000)
 1605 words of extra memory for PDF output out of 10000 (max. 10000000)

